2018-07-03 09:09:16.974  INFO 3188 --- [restartedMain] com.framework.DemoApplication            : Starting DemoApplication on YLMF-1804081246 with PID 3188 (started by Administrator in H:\下载\demo)
2018-07-03 09:09:16.976  INFO 3188 --- [restartedMain] com.framework.DemoApplication            : The following profiles are active: dev
2018-07-03 09:09:17.035  INFO 3188 --- [restartedMain] ConfigServletWebServerApplicationContext : Refreshing org.springframework.boot.web.servlet.context.AnnotationConfigServletWebServerApplicationContext@472a3494: startup date [Tue Jul 03 09:09:17 CST 2018]; root of context hierarchy
2018-07-03 09:09:19.606  INFO 3188 --- [restartedMain] .s.d.r.c.RepositoryConfigurationDelegate : Multiple Spring Data modules found, entering strict repository configuration mode!
2018-07-03 09:09:20.273  INFO 3188 --- [restartedMain] trationDelegate$BeanPostProcessorChecker : Bean 'shiroConfig' of type [com.framework.common.config.ShiroConfig$$EnhancerBySpringCGLIB$$cda7ad25] is not eligible for getting processed by all BeanPostProcessors (for example: not eligible for auto-proxying)
2018-07-03 09:09:20.422  INFO 3188 --- [restartedMain] trationDelegate$BeanPostProcessorChecker : Bean 'org.springframework.boot.context.properties.ConversionServiceDeducer$Factory' of type [org.springframework.boot.context.properties.ConversionServiceDeducer$Factory] is not eligible for getting processed by all BeanPostProcessors (for example: not eligible for auto-proxying)
2018-07-03 09:09:20.550  INFO 3188 --- [restartedMain] trationDelegate$BeanPostProcessorChecker : Bean 'mybatis-plus-com.baomidou.mybatisplus.spring.boot.starter.MybatisPlusProperties' of type [com.baomidou.mybatisplus.spring.boot.starter.MybatisPlusProperties] is not eligible for getting processed by all BeanPostProcessors (for example: not eligible for auto-proxying)
2018-07-03 09:09:20.557  INFO 3188 --- [restartedMain] trationDelegate$BeanPostProcessorChecker : Bean 'mybatisPlusConfig' of type [com.framework.common.config.MybatisPlusConfig$$EnhancerBySpringCGLIB$$4cb4441] is not eligible for getting processed by all BeanPostProcessors (for example: not eligible for auto-proxying)
2018-07-03 09:09:20.569  INFO 3188 --- [restartedMain] trationDelegate$BeanPostProcessorChecker : Bean 'paginationInterceptor' of type [com.baomidou.mybatisplus.plugins.PaginationInterceptor] is not eligible for getting processed by all BeanPostProcessors (for example: not eligible for auto-proxying)
2018-07-03 09:09:20.577  INFO 3188 --- [restartedMain] trationDelegate$BeanPostProcessorChecker : Bean 'com.baomidou.mybatisplus.spring.boot.starter.MybatisPlusAutoConfiguration' of type [com.baomidou.mybatisplus.spring.boot.starter.MybatisPlusAutoConfiguration$$EnhancerBySpringCGLIB$$f940e0b0] is not eligible for getting processed by all BeanPostProcessors (for example: not eligible for auto-proxying)
2018-07-03 09:09:20.582  INFO 3188 --- [restartedMain] trationDelegate$BeanPostProcessorChecker : Bean 'dynamicDataSourceConfig' of type [com.framework.datasources.DynamicDataSourceConfig$$EnhancerBySpringCGLIB$$3ad26961] is not eligible for getting processed by all BeanPostProcessors (for example: not eligible for auto-proxying)
2018-07-03 09:09:20.676  INFO 3188 --- [restartedMain] trationDelegate$BeanPostProcessorChecker : Bean 'spring.datasource-org.springframework.boot.autoconfigure.jdbc.DataSourceProperties' of type [org.springframework.boot.autoconfigure.jdbc.DataSourceProperties] is not eligible for getting processed by all BeanPostProcessors (for example: not eligible for auto-proxying)
2018-07-03 09:09:20.684  INFO 3188 --- [restartedMain] trationDelegate$BeanPostProcessorChecker : Bean 'com.alibaba.druid.spring.boot.autoconfigure.stat.DruidFilterConfiguration' of type [com.alibaba.druid.spring.boot.autoconfigure.stat.DruidFilterConfiguration] is not eligible for getting processed by all BeanPostProcessors (for example: not eligible for auto-proxying)
2018-07-03 09:09:20.734  INFO 3188 --- [restartedMain] trationDelegate$BeanPostProcessorChecker : Bean 'statFilter' of type [com.alibaba.druid.filter.stat.StatFilter] is not eligible for getting processed by all BeanPostProcessors (for example: not eligible for auto-proxying)
2018-07-03 09:09:20.767  INFO 3188 --- [restartedMain] trationDelegate$BeanPostProcessorChecker : Bean 'firstDataSource' of type [com.alibaba.druid.spring.boot.autoconfigure.DruidDataSourceWrapper] is not eligible for getting processed by all BeanPostProcessors (for example: not eligible for auto-proxying)
2018-07-03 09:09:20.814  INFO 3188 --- [restartedMain] trationDelegate$BeanPostProcessorChecker : Bean 'secondDataSource' of type [com.alibaba.druid.spring.boot.autoconfigure.DruidDataSourceWrapper] is not eligible for getting processed by all BeanPostProcessors (for example: not eligible for auto-proxying)
2018-07-03 09:09:20.827  INFO 3188 --- [restartedMain] trationDelegate$BeanPostProcessorChecker : Bean 'dataSource' of type [com.framework.datasources.DynamicDataSource] is not eligible for getting processed by all BeanPostProcessors (for example: not eligible for auto-proxying)
2018-07-03 09:09:21.107  INFO 3188 --- [restartedMain] com.alibaba.druid.pool.DruidDataSource   : {dataSource-1} inited
2018-07-03 09:09:21.990  INFO 3188 --- [restartedMain] trationDelegate$BeanPostProcessorChecker : Bean 'sqlSessionFactory' of type [org.apache.ibatis.session.defaults.DefaultSqlSessionFactory] is not eligible for getting processed by all BeanPostProcessors (for example: not eligible for auto-proxying)
2018-07-03 09:09:21.998  INFO 3188 --- [restartedMain] trationDelegate$BeanPostProcessorChecker : Bean 'sqlSessionTemplate' of type [org.mybatis.spring.SqlSessionTemplate] is not eligible for getting processed by all BeanPostProcessors (for example: not eligible for auto-proxying)
2018-07-03 09:09:21.998  INFO 3188 --- [restartedMain] trationDelegate$BeanPostProcessorChecker : Bean 'sysUserDao' of type [org.mybatis.spring.mapper.MapperFactoryBean] is not eligible for getting processed by all BeanPostProcessors (for example: not eligible for auto-proxying)
2018-07-03 09:09:22.003  INFO 3188 --- [restartedMain] trationDelegate$BeanPostProcessorChecker : Bean 'sysUserDao' of type [com.sun.proxy.$Proxy83] is not eligible for getting processed by all BeanPostProcessors (for example: not eligible for auto-proxying)
2018-07-03 09:09:22.016  INFO 3188 --- [restartedMain] trationDelegate$BeanPostProcessorChecker : Bean 'sysMenuDao' of type [org.mybatis.spring.mapper.MapperFactoryBean] is not eligible for getting processed by all BeanPostProcessors (for example: not eligible for auto-proxying)
2018-07-03 09:09:22.018  INFO 3188 --- [restartedMain] trationDelegate$BeanPostProcessorChecker : Bean 'sysMenuDao' of type [com.sun.proxy.$Proxy84] is not eligible for getting processed by all BeanPostProcessors (for example: not eligible for auto-proxying)
2018-07-03 09:09:22.019  INFO 3188 --- [restartedMain] trationDelegate$BeanPostProcessorChecker : Bean 'userRealm' of type [com.framework.modules.sys.shiro.UserRealm] is not eligible for getting processed by all BeanPostProcessors (for example: not eligible for auto-proxying)
2018-07-03 09:09:22.047  INFO 3188 --- [restartedMain] trationDelegate$BeanPostProcessorChecker : Bean 'spring.redis-org.springframework.boot.autoconfigure.data.redis.RedisProperties' of type [org.springframework.boot.autoconfigure.data.redis.RedisProperties] is not eligible for getting processed by all BeanPostProcessors (for example: not eligible for auto-proxying)
2018-07-03 09:09:22.054  INFO 3188 --- [restartedMain] trationDelegate$BeanPostProcessorChecker : Bean 'org.springframework.boot.autoconfigure.data.redis.LettuceConnectionConfiguration' of type [org.springframework.boot.autoconfigure.data.redis.LettuceConnectionConfiguration$$EnhancerBySpringCGLIB$$c0bb009d] is not eligible for getting processed by all BeanPostProcessors (for example: not eligible for auto-proxying)
2018-07-03 09:09:22.183  INFO 3188 --- [restartedMain] trationDelegate$BeanPostProcessorChecker : Bean 'lettuceClientResources' of type [io.lettuce.core.resource.DefaultClientResources] is not eligible for getting processed by all BeanPostProcessors (for example: not eligible for auto-proxying)
2018-07-03 09:09:22.398  INFO 3188 --- [restartedMain] trationDelegate$BeanPostProcessorChecker : Bean 'redisConnectionFactory' of type [org.springframework.data.redis.connection.lettuce.LettuceConnectionFactory] is not eligible for getting processed by all BeanPostProcessors (for example: not eligible for auto-proxying)
2018-07-03 09:09:22.398  INFO 3188 --- [restartedMain] trationDelegate$BeanPostProcessorChecker : Bean 'redisConfig' of type [com.framework.common.config.RedisConfig$$EnhancerBySpringCGLIB$$1876346f] is not eligible for getting processed by all BeanPostProcessors (for example: not eligible for auto-proxying)
2018-07-03 09:09:22.421  INFO 3188 --- [restartedMain] trationDelegate$BeanPostProcessorChecker : Bean 'redisTemplate' of type [org.springframework.data.redis.core.RedisTemplate] is not eligible for getting processed by all BeanPostProcessors (for example: not eligible for auto-proxying)
2018-07-03 09:09:22.421  INFO 3188 --- [restartedMain] trationDelegate$BeanPostProcessorChecker : Bean 'redisShiroSessionDAO' of type [com.framework.modules.sys.shiro.RedisShiroSessionDAO] is not eligible for getting processed by all BeanPostProcessors (for example: not eligible for auto-proxying)
2018-07-03 09:09:22.443  INFO 3188 --- [restartedMain] trationDelegate$BeanPostProcessorChecker : Bean 'sessionManager' of type [org.apache.shiro.web.session.mgt.DefaultWebSessionManager] is not eligible for getting processed by all BeanPostProcessors (for example: not eligible for auto-proxying)
2018-07-03 09:09:22.808  INFO 3188 --- [restartedMain] trationDelegate$BeanPostProcessorChecker : Bean 'securityManager' of type [org.apache.shiro.web.mgt.DefaultWebSecurityManager] is not eligible for getting processed by all BeanPostProcessors (for example: not eligible for auto-proxying)
2018-07-03 09:09:22.879  INFO 3188 --- [restartedMain] trationDelegate$BeanPostProcessorChecker : Bean 'authorizationAttributeSourceAdvisor' of type [org.apache.shiro.spring.security.interceptor.AuthorizationAttributeSourceAdvisor] is not eligible for getting processed by all BeanPostProcessors (for example: not eligible for auto-proxying)
2018-07-03 09:09:22.961  INFO 3188 --- [restartedMain] trationDelegate$BeanPostProcessorChecker : Bean 'org.springframework.transaction.annotation.ProxyTransactionManagementConfiguration' of type [org.springframework.transaction.annotation.ProxyTransactionManagementConfiguration$$EnhancerBySpringCGLIB$$aba14253] is not eligible for getting processed by all BeanPostProcessors (for example: not eligible for auto-proxying)
2018-07-03 09:09:23.680  INFO 3188 --- [restartedMain] o.s.b.w.embedded.tomcat.TomcatWebServer  : Tomcat initialized with port(s): 8080 (http)
2018-07-03 09:09:23.726  INFO 3188 --- [restartedMain] o.apache.catalina.core.StandardService   : Starting service [Tomcat]
2018-07-03 09:09:23.726  INFO 3188 --- [restartedMain] org.apache.catalina.core.StandardEngine  : Starting Servlet Engine: Apache Tomcat/8.5.31
2018-07-03 09:09:23.739  INFO 3188 --- [localhost-startStop-1] o.a.catalina.core.AprLifecycleListener   : The APR based Apache Tomcat Native library which allows optimal performance in production environments was not found on the java.library.path: [C:\Program Files\Java\jdk1.8.0_131\bin;C:\WINDOWS\Sun\Java\bin;C:\WINDOWS\system32;C:\WINDOWS;C:\ProgramData\Oracle\Java\javapath;C:\WINDOWS\system32;C:\WINDOWS;C:\WINDOWS\System32\Wbem;C:\WINDOWS\System32\WindowsPowerShell\v1.0\;D:\Program Files\TortoiseSVN\bin;C:\Program Files\Java\jdk1.8.0_131\bin;C:\Program Files\Java\jdk1.8.0_131\jre\bin;H:\apache-maven-3.3.9\bin\;C:\WINDOWS\System32\OpenSSH\;D:\Program Files\nodejs\;C:\Users\Administrator\AppData\Local\Microsoft\WindowsApps;C:\Users\Administrator\AppData\Local\Microsoft\WindowsApps;C:\Users\Administrator\AppData\Roaming\npm;.]
2018-07-03 09:09:23.866  INFO 3188 --- [localhost-startStop-1] o.a.c.c.C.[.[.[/framework-admin]         : Initializing Spring embedded WebApplicationContext
2018-07-03 09:09:23.866  INFO 3188 --- [localhost-startStop-1] o.s.web.context.ContextLoader            : Root WebApplicationContext: initialization completed in 6831 ms
2018-07-03 09:09:24.325  INFO 3188 --- [localhost-startStop-1] o.s.b.w.servlet.FilterRegistrationBean   : Mapping filter: 'characterEncodingFilter' to: [/*]
2018-07-03 09:09:24.325  INFO 3188 --- [localhost-startStop-1] o.s.b.w.servlet.FilterRegistrationBean   : Mapping filter: 'hiddenHttpMethodFilter' to: [/*]
2018-07-03 09:09:24.325  INFO 3188 --- [localhost-startStop-1] o.s.b.w.servlet.FilterRegistrationBean   : Mapping filter: 'httpPutFormContentFilter' to: [/*]
2018-07-03 09:09:24.325  INFO 3188 --- [localhost-startStop-1] o.s.b.w.servlet.FilterRegistrationBean   : Mapping filter: 'requestContextFilter' to: [/*]
2018-07-03 09:09:24.326  INFO 3188 --- [localhost-startStop-1] o.s.b.w.servlet.FilterRegistrationBean   : Mapping filter: 'delegatingFilterProxy' to urls: [/*]
2018-07-03 09:09:24.326  INFO 3188 --- [localhost-startStop-1] o.s.b.w.servlet.FilterRegistrationBean   : Mapping filter: 'xssFilter' to urls: [/*]
2018-07-03 09:09:24.326  INFO 3188 --- [localhost-startStop-1] o.s.b.w.servlet.FilterRegistrationBean   : Mapping filter: 'webStatFilter' to urls: [/*]
2018-07-03 09:09:24.326  INFO 3188 --- [localhost-startStop-1] o.s.b.w.servlet.FilterRegistrationBean   : Mapping filter: 'shiroFilter' to: [/*]
2018-07-03 09:09:24.326  INFO 3188 --- [localhost-startStop-1] o.s.b.w.servlet.ServletRegistrationBean  : Servlet dispatcherServlet mapped to [/]
2018-07-03 09:09:24.327  INFO 3188 --- [localhost-startStop-1] o.s.b.w.servlet.ServletRegistrationBean  : Servlet statViewServlet mapped to [/druid/*]
2018-07-03 09:09:24.892  INFO 3188 --- [restartedMain] org.quartz.impl.StdSchedulerFactory      : Using default implementation for ThreadExecutor
2018-07-03 09:09:24.924  INFO 3188 --- [restartedMain] org.quartz.core.SchedulerSignalerImpl    : Initialized Scheduler Signaller of type: class org.quartz.core.SchedulerSignalerImpl
2018-07-03 09:09:24.924  INFO 3188 --- [restartedMain] org.quartz.core.QuartzScheduler          : Quartz Scheduler v.2.3.0 created.
2018-07-03 09:09:24.931  INFO 3188 --- [restartedMain] o.s.s.quartz.LocalDataSourceJobStore     : Using db table-based data access locking (synchronization).
2018-07-03 09:09:24.934  INFO 3188 --- [restartedMain] o.s.s.quartz.LocalDataSourceJobStore     : JobStoreCMT initialized.
2018-07-03 09:09:24.940  INFO 3188 --- [restartedMain] org.quartz.core.QuartzScheduler          : Scheduler meta-data: Quartz Scheduler (v2.3.0) 'FrameworkScheduler' with instanceId 'YLMF-18040812461530580164905'
  Scheduler class: 'org.quartz.core.QuartzScheduler' - running locally.
  NOT STARTED.
  Currently in standby mode.
  Number of jobs executed: 0
  Using thread pool 'org.quartz.simpl.SimpleThreadPool' - with 20 threads.
  Using job-store 'org.springframework.scheduling.quartz.LocalDataSourceJobStore' - which supports persistence. and is clustered.

2018-07-03 09:09:24.941  INFO 3188 --- [restartedMain] org.quartz.impl.StdSchedulerFactory      : Quartz scheduler 'FrameworkScheduler' initialized from an externally provided properties instance.
2018-07-03 09:09:24.941  INFO 3188 --- [restartedMain] org.quartz.impl.StdSchedulerFactory      : Quartz scheduler version: 2.3.0
2018-07-03 09:09:24.943  INFO 3188 --- [restartedMain] org.quartz.core.QuartzScheduler          : JobFactory set to: org.springframework.scheduling.quartz.AdaptableJobFactory@12d775dc
2018-07-03 09:09:27.400  INFO 3188 --- [restartedMain] s.w.s.m.m.a.RequestMappingHandlerMapping : Mapped "{[/sys/schedule/run]}" onto public com.framework.common.utils.R com.framework.modules.job.controller.ScheduleJobController.run(java.lang.Long[])
2018-07-03 09:09:27.401  INFO 3188 --- [restartedMain] s.w.s.m.m.a.RequestMappingHandlerMapping : Mapped "{[/sys/schedule/update]}" onto public com.framework.common.utils.R com.framework.modules.job.controller.ScheduleJobController.update(com.framework.modules.job.entity.ScheduleJobEntity)
2018-07-03 09:09:27.402  INFO 3188 --- [restartedMain] s.w.s.m.m.a.RequestMappingHandlerMapping : Mapped "{[/sys/schedule/delete]}" onto public com.framework.common.utils.R com.framework.modules.job.controller.ScheduleJobController.delete(java.lang.Long[])
2018-07-03 09:09:27.402  INFO 3188 --- [restartedMain] s.w.s.m.m.a.RequestMappingHandlerMapping : Mapped "{[/sys/schedule/resume]}" onto public com.framework.common.utils.R com.framework.modules.job.controller.ScheduleJobController.resume(java.lang.Long[])
2018-07-03 09:09:27.403  INFO 3188 --- [restartedMain] s.w.s.m.m.a.RequestMappingHandlerMapping : Mapped "{[/sys/schedule/list]}" onto public com.framework.common.utils.R com.framework.modules.job.controller.ScheduleJobController.list(java.util.Map<java.lang.String, java.lang.Object>)
2018-07-03 09:09:27.403  INFO 3188 --- [restartedMain] s.w.s.m.m.a.RequestMappingHandlerMapping : Mapped "{[/sys/schedule/save]}" onto public com.framework.common.utils.R com.framework.modules.job.controller.ScheduleJobController.save(com.framework.modules.job.entity.ScheduleJobEntity)
2018-07-03 09:09:27.403  INFO 3188 --- [restartedMain] s.w.s.m.m.a.RequestMappingHandlerMapping : Mapped "{[/sys/schedule/info/{jobId}]}" onto public com.framework.common.utils.R com.framework.modules.job.controller.ScheduleJobController.info(java.lang.Long)
2018-07-03 09:09:27.404  INFO 3188 --- [restartedMain] s.w.s.m.m.a.RequestMappingHandlerMapping : Mapped "{[/sys/schedule/pause]}" onto public com.framework.common.utils.R com.framework.modules.job.controller.ScheduleJobController.pause(java.lang.Long[])
2018-07-03 09:09:27.404  INFO 3188 --- [restartedMain] s.w.s.m.m.a.RequestMappingHandlerMapping : Mapped "{[/sys/scheduleLog/list]}" onto public com.framework.common.utils.R com.framework.modules.job.controller.ScheduleJobLogController.list(java.util.Map<java.lang.String, java.lang.Object>)
2018-07-03 09:09:27.411  INFO 3188 --- [restartedMain] s.w.s.m.m.a.RequestMappingHandlerMapping : Mapped "{[/sys/scheduleLog/info/{logId}]}" onto public com.framework.common.utils.R com.framework.modules.job.controller.ScheduleJobLogController.info(java.lang.Long)
2018-07-03 09:09:27.415  INFO 3188 --- [restartedMain] s.w.s.m.m.a.RequestMappingHandlerMapping : Mapped "{[/sys/oss/delete]}" onto public com.framework.common.utils.R com.framework.modules.oss.controller.SysOssController.delete(java.lang.Long[])
2018-07-03 09:09:27.415  INFO 3188 --- [restartedMain] s.w.s.m.m.a.RequestMappingHandlerMapping : Mapped "{[/sys/oss/list]}" onto public com.framework.common.utils.R com.framework.modules.oss.controller.SysOssController.list(java.util.Map<java.lang.String, java.lang.Object>)
2018-07-03 09:09:27.415  INFO 3188 --- [restartedMain] s.w.s.m.m.a.RequestMappingHandlerMapping : Mapped "{[/sys/oss/config]}" onto public com.framework.common.utils.R com.framework.modules.oss.controller.SysOssController.config()
2018-07-03 09:09:27.416  INFO 3188 --- [restartedMain] s.w.s.m.m.a.RequestMappingHandlerMapping : Mapped "{[/sys/oss/saveConfig]}" onto public com.framework.common.utils.R com.framework.modules.oss.controller.SysOssController.saveConfig(com.framework.modules.oss.cloud.CloudStorageConfig)
2018-07-03 09:09:27.416  INFO 3188 --- [restartedMain] s.w.s.m.m.a.RequestMappingHandlerMapping : Mapped "{[/sys/oss/upload]}" onto public com.framework.common.utils.R com.framework.modules.oss.controller.SysOssController.upload(org.springframework.web.multipart.MultipartFile) throws java.lang.Exception
2018-07-03 09:09:27.420  INFO 3188 --- [restartedMain] s.w.s.m.m.a.RequestMappingHandlerMapping : Mapped "{[/sys/estheaddata/update]}" onto public com.framework.common.utils.R com.framework.modules.sys.controller.EstHeadDataController.update(com.framework.modules.sys.entity.EstHeadDataEntity)
2018-07-03 09:09:27.420  INFO 3188 --- [restartedMain] s.w.s.m.m.a.RequestMappingHandlerMapping : Mapped "{[/sys/estheaddata/delete]}" onto public com.framework.common.utils.R com.framework.modules.sys.controller.EstHeadDataController.delete(java.lang.Long[])
2018-07-03 09:09:27.420  INFO 3188 --- [restartedMain] s.w.s.m.m.a.RequestMappingHandlerMapping : Mapped "{[/sys/estheaddata/list]}" onto public com.framework.common.utils.R com.framework.modules.sys.controller.EstHeadDataController.list(java.util.Map<java.lang.String, java.lang.Object>)
2018-07-03 09:09:27.421  INFO 3188 --- [restartedMain] s.w.s.m.m.a.RequestMappingHandlerMapping : Mapped "{[/sys/estheaddata/save]}" onto public com.framework.common.utils.R com.framework.modules.sys.controller.EstHeadDataController.save(com.framework.modules.sys.entity.EstHeadDataEntity)
2018-07-03 09:09:27.421  INFO 3188 --- [restartedMain] s.w.s.m.m.a.RequestMappingHandlerMapping : Mapped "{[/sys/estheaddata/info/{id}]}" onto public com.framework.common.utils.R com.framework.modules.sys.controller.EstHeadDataController.info(java.lang.Long)
2018-07-03 09:09:27.422  INFO 3188 --- [restartedMain] s.w.s.m.m.a.RequestMappingHandlerMapping : Mapped "{[/sys/config/update]}" onto public com.framework.common.utils.R com.framework.modules.sys.controller.SysConfigController.update(com.framework.modules.sys.entity.SysConfigEntity)
2018-07-03 09:09:27.423  INFO 3188 --- [restartedMain] s.w.s.m.m.a.RequestMappingHandlerMapping : Mapped "{[/sys/config/delete]}" onto public com.framework.common.utils.R com.framework.modules.sys.controller.SysConfigController.delete(java.lang.Long[])
2018-07-03 09:09:27.424  INFO 3188 --- [restartedMain] s.w.s.m.m.a.RequestMappingHandlerMapping : Mapped "{[/sys/config/list]}" onto public com.framework.common.utils.R com.framework.modules.sys.controller.SysConfigController.list(java.util.Map<java.lang.String, java.lang.Object>)
2018-07-03 09:09:27.424  INFO 3188 --- [restartedMain] s.w.s.m.m.a.RequestMappingHandlerMapping : Mapped "{[/sys/config/save]}" onto public com.framework.common.utils.R com.framework.modules.sys.controller.SysConfigController.save(com.framework.modules.sys.entity.SysConfigEntity)
2018-07-03 09:09:27.424  INFO 3188 --- [restartedMain] s.w.s.m.m.a.RequestMappingHandlerMapping : Mapped "{[/sys/config/info/{id}]}" onto public com.framework.common.utils.R com.framework.modules.sys.controller.SysConfigController.info(java.lang.Long)
2018-07-03 09:09:27.425  INFO 3188 --- [restartedMain] s.w.s.m.m.a.RequestMappingHandlerMapping : Mapped "{[/sys/dept/update]}" onto public com.framework.common.utils.R com.framework.modules.sys.controller.SysDeptController.update(com.framework.modules.sys.entity.SysDeptEntity)
2018-07-03 09:09:27.426  INFO 3188 --- [restartedMain] s.w.s.m.m.a.RequestMappingHandlerMapping : Mapped "{[/sys/dept/delete]}" onto public com.framework.common.utils.R com.framework.modules.sys.controller.SysDeptController.delete(long)
2018-07-03 09:09:27.427  INFO 3188 --- [restartedMain] s.w.s.m.m.a.RequestMappingHandlerMapping : Mapped "{[/sys/dept/list]}" onto public java.util.List<com.framework.modules.sys.entity.SysDeptEntity> com.framework.modules.sys.controller.SysDeptController.list()
2018-07-03 09:09:27.427  INFO 3188 --- [restartedMain] s.w.s.m.m.a.RequestMappingHandlerMapping : Mapped "{[/sys/dept/save]}" onto public com.framework.common.utils.R com.framework.modules.sys.controller.SysDeptController.save(com.framework.modules.sys.entity.SysDeptEntity)
2018-07-03 09:09:27.427  INFO 3188 --- [restartedMain] s.w.s.m.m.a.RequestMappingHandlerMapping : Mapped "{[/sys/dept/select]}" onto public com.framework.common.utils.R com.framework.modules.sys.controller.SysDeptController.select()
2018-07-03 09:09:27.428  INFO 3188 --- [restartedMain] s.w.s.m.m.a.RequestMappingHandlerMapping : Mapped "{[/sys/dept/info/{deptId}]}" onto public com.framework.common.utils.R com.framework.modules.sys.controller.SysDeptController.info(java.lang.Long)
2018-07-03 09:09:27.429  INFO 3188 --- [restartedMain] s.w.s.m.m.a.RequestMappingHandlerMapping : Mapped "{[/sys/dept/info]}" onto public com.framework.common.utils.R com.framework.modules.sys.controller.SysDeptController.info()
2018-07-03 09:09:27.431  INFO 3188 --- [restartedMain] s.w.s.m.m.a.RequestMappingHandlerMapping : Mapped "{[/sys/dict/update]}" onto public com.framework.common.utils.R com.framework.modules.sys.controller.SysDictController.update(com.framework.modules.sys.entity.SysDictEntity)
2018-07-03 09:09:27.432  INFO 3188 --- [restartedMain] s.w.s.m.m.a.RequestMappingHandlerMapping : Mapped "{[/sys/dict/delete]}" onto public com.framework.common.utils.R com.framework.modules.sys.controller.SysDictController.delete(java.lang.Long[])
2018-07-03 09:09:27.433  INFO 3188 --- [restartedMain] s.w.s.m.m.a.RequestMappingHandlerMapping : Mapped "{[/sys/dict/list]}" onto public com.framework.common.utils.R com.framework.modules.sys.controller.SysDictController.list(java.util.Map<java.lang.String, java.lang.Object>)
2018-07-03 09:09:27.434  INFO 3188 --- [restartedMain] s.w.s.m.m.a.RequestMappingHandlerMapping : Mapped "{[/sys/dict/save]}" onto public com.framework.common.utils.R com.framework.modules.sys.controller.SysDictController.save(com.framework.modules.sys.entity.SysDictEntity)
2018-07-03 09:09:27.434  INFO 3188 --- [restartedMain] s.w.s.m.m.a.RequestMappingHandlerMapping : Mapped "{[/sys/dict/info/{id}]}" onto public com.framework.common.utils.R com.framework.modules.sys.controller.SysDictController.info(java.lang.Long)
2018-07-03 09:09:27.435  INFO 3188 --- [restartedMain] s.w.s.m.m.a.RequestMappingHandlerMapping : Mapped "{[/sys/log/list]}" onto public com.framework.common.utils.R com.framework.modules.sys.controller.SysLogController.list(java.util.Map<java.lang.String, java.lang.Object>)
2018-07-03 09:09:27.435  INFO 3188 --- [restartedMain] s.w.s.m.m.a.RequestMappingHandlerMapping : Mapped "{[/logout],methods=[GET]}" onto public java.lang.String com.framework.modules.sys.controller.SysLoginController.logout()
2018-07-03 09:09:27.436  INFO 3188 --- [restartedMain] s.w.s.m.m.a.RequestMappingHandlerMapping : Mapped "{[/captcha.jpg]}" onto public void com.framework.modules.sys.controller.SysLoginController.captcha(javax.servlet.http.HttpServletResponse) throws java.io.IOException
2018-07-03 09:09:27.436  INFO 3188 --- [restartedMain] s.w.s.m.m.a.RequestMappingHandlerMapping : Mapped "{[/sys/login],methods=[POST]}" onto public com.framework.common.utils.R com.framework.modules.sys.controller.SysLoginController.login(java.lang.String,java.lang.String,java.lang.String)
2018-07-03 09:09:27.437  INFO 3188 --- [restartedMain] s.w.s.m.m.a.RequestMappingHandlerMapping : Mapped "{[/sys/menu/update]}" onto public com.framework.common.utils.R com.framework.modules.sys.controller.SysMenuController.update(com.framework.modules.sys.entity.SysMenuEntity)
2018-07-03 09:09:27.437  INFO 3188 --- [restartedMain] s.w.s.m.m.a.RequestMappingHandlerMapping : Mapped "{[/sys/menu/delete]}" onto public com.framework.common.utils.R com.framework.modules.sys.controller.SysMenuController.delete(long)
2018-07-03 09:09:27.437  INFO 3188 --- [restartedMain] s.w.s.m.m.a.RequestMappingHandlerMapping : Mapped "{[/sys/menu/list]}" onto public java.util.List<com.framework.modules.sys.entity.SysMenuEntity> com.framework.modules.sys.controller.SysMenuController.list()
2018-07-03 09:09:27.438  INFO 3188 --- [restartedMain] s.w.s.m.m.a.RequestMappingHandlerMapping : Mapped "{[/sys/menu/save]}" onto public com.framework.common.utils.R com.framework.modules.sys.controller.SysMenuController.save(com.framework.modules.sys.entity.SysMenuEntity)
2018-07-03 09:09:27.439  INFO 3188 --- [restartedMain] s.w.s.m.m.a.RequestMappingHandlerMapping : Mapped "{[/sys/menu/select]}" onto public com.framework.common.utils.R com.framework.modules.sys.controller.SysMenuController.select()
2018-07-03 09:09:27.439  INFO 3188 --- [restartedMain] s.w.s.m.m.a.RequestMappingHandlerMapping : Mapped "{[/sys/menu/info/{menuId}]}" onto public com.framework.common.utils.R com.framework.modules.sys.controller.SysMenuController.info(java.lang.Long)
2018-07-03 09:09:27.440  INFO 3188 --- [restartedMain] s.w.s.m.m.a.RequestMappingHandlerMapping : Mapped "{[/sys/menu/nav]}" onto public com.framework.common.utils.R com.framework.modules.sys.controller.SysMenuController.nav()
2018-07-03 09:09:27.440  INFO 3188 --- [restartedMain] s.w.s.m.m.a.RequestMappingHandlerMapping : Mapped "{[/ || /index.html]}" onto public java.lang.String com.framework.modules.sys.controller.SysPageController.index()
2018-07-03 09:09:27.441  INFO 3188 --- [restartedMain] s.w.s.m.m.a.RequestMappingHandlerMapping : Mapped "{[/main.html]}" onto public java.lang.String com.framework.modules.sys.controller.SysPageController.main()
2018-07-03 09:09:27.441  INFO 3188 --- [restartedMain] s.w.s.m.m.a.RequestMappingHandlerMapping : Mapped "{[/modules/{module}/{url}.html]}" onto public java.lang.String com.framework.modules.sys.controller.SysPageController.module(java.lang.String,java.lang.String)
2018-07-03 09:09:27.441  INFO 3188 --- [restartedMain] s.w.s.m.m.a.RequestMappingHandlerMapping : Mapped "{[/index1.html]}" onto public java.lang.String com.framework.modules.sys.controller.SysPageController.index1()
2018-07-03 09:09:27.441  INFO 3188 --- [restartedMain] s.w.s.m.m.a.RequestMappingHandlerMapping : Mapped "{[/login.html]}" onto public java.lang.String com.framework.modules.sys.controller.SysPageController.login()
2018-07-03 09:09:27.442  INFO 3188 --- [restartedMain] s.w.s.m.m.a.RequestMappingHandlerMapping : Mapped "{[/404.html]}" onto public java.lang.String com.framework.modules.sys.controller.SysPageController.notFound()
2018-07-03 09:09:27.443  INFO 3188 --- [restartedMain] s.w.s.m.m.a.RequestMappingHandlerMapping : Mapped "{[/sys/role/update]}" onto public com.framework.common.utils.R com.framework.modules.sys.controller.SysRoleController.update(com.framework.modules.sys.entity.SysRoleEntity)
2018-07-03 09:09:27.443  INFO 3188 --- [restartedMain] s.w.s.m.m.a.RequestMappingHandlerMapping : Mapped "{[/sys/role/delete]}" onto public com.framework.common.utils.R com.framework.modules.sys.controller.SysRoleController.delete(java.lang.Long[])
2018-07-03 09:09:27.443  INFO 3188 --- [restartedMain] s.w.s.m.m.a.RequestMappingHandlerMapping : Mapped "{[/sys/role/list]}" onto public com.framework.common.utils.R com.framework.modules.sys.controller.SysRoleController.list(java.util.Map<java.lang.String, java.lang.Object>)
2018-07-03 09:09:27.444  INFO 3188 --- [restartedMain] s.w.s.m.m.a.RequestMappingHandlerMapping : Mapped "{[/sys/role/save]}" onto public com.framework.common.utils.R com.framework.modules.sys.controller.SysRoleController.save(com.framework.modules.sys.entity.SysRoleEntity)
2018-07-03 09:09:27.444  INFO 3188 --- [restartedMain] s.w.s.m.m.a.RequestMappingHandlerMapping : Mapped "{[/sys/role/select]}" onto public com.framework.common.utils.R com.framework.modules.sys.controller.SysRoleController.select()
2018-07-03 09:09:27.444  INFO 3188 --- [restartedMain] s.w.s.m.m.a.RequestMappingHandlerMapping : Mapped "{[/sys/role/info/{roleId}]}" onto public com.framework.common.utils.R com.framework.modules.sys.controller.SysRoleController.info(java.lang.Long)
2018-07-03 09:09:27.445  INFO 3188 --- [restartedMain] s.w.s.m.m.a.RequestMappingHandlerMapping : Mapped "{[/sys/user/update]}" onto public com.framework.common.utils.R com.framework.modules.sys.controller.SysUserController.update(com.framework.modules.sys.entity.SysUserEntity)
2018-07-03 09:09:27.445  INFO 3188 --- [restartedMain] s.w.s.m.m.a.RequestMappingHandlerMapping : Mapped "{[/sys/user/delete]}" onto public com.framework.common.utils.R com.framework.modules.sys.controller.SysUserController.delete(java.lang.Long[])
2018-07-03 09:09:27.446  INFO 3188 --- [restartedMain] s.w.s.m.m.a.RequestMappingHandlerMapping : Mapped "{[/sys/user/list]}" onto public com.framework.common.utils.R com.framework.modules.sys.controller.SysUserController.list(java.util.Map<java.lang.String, java.lang.Object>)
2018-07-03 09:09:27.446  INFO 3188 --- [restartedMain] s.w.s.m.m.a.RequestMappingHandlerMapping : Mapped "{[/sys/user/save]}" onto public com.framework.common.utils.R com.framework.modules.sys.controller.SysUserController.save(com.framework.modules.sys.entity.SysUserEntity)
2018-07-03 09:09:27.446  INFO 3188 --- [restartedMain] s.w.s.m.m.a.RequestMappingHandlerMapping : Mapped "{[/sys/user/info/{userId}]}" onto public com.framework.common.utils.R com.framework.modules.sys.controller.SysUserController.info(java.lang.Long)
2018-07-03 09:09:27.447  INFO 3188 --- [restartedMain] s.w.s.m.m.a.RequestMappingHandlerMapping : Mapped "{[/sys/user/info]}" onto public com.framework.common.utils.R com.framework.modules.sys.controller.SysUserController.info()
2018-07-03 09:09:27.447  INFO 3188 --- [restartedMain] s.w.s.m.m.a.RequestMappingHandlerMapping : Mapped "{[/sys/user/password]}" onto public com.framework.common.utils.R com.framework.modules.sys.controller.SysUserController.password(java.lang.String,java.lang.String)
2018-07-03 09:09:27.451  INFO 3188 --- [restartedMain] s.w.s.m.m.a.RequestMappingHandlerMapping : Mapped "{[/swagger-resources]}" onto public org.springframework.http.ResponseEntity<java.util.List<springfox.documentation.swagger.web.SwaggerResource>> springfox.documentation.swagger.web.ApiResourceController.swaggerResources()
2018-07-03 09:09:27.452  INFO 3188 --- [restartedMain] s.w.s.m.m.a.RequestMappingHandlerMapping : Mapped "{[/swagger-resources/configuration/ui]}" onto public org.springframework.http.ResponseEntity<springfox.documentation.swagger.web.UiConfiguration> springfox.documentation.swagger.web.ApiResourceController.uiConfiguration()
2018-07-03 09:09:27.452  INFO 3188 --- [restartedMain] s.w.s.m.m.a.RequestMappingHandlerMapping : Mapped "{[/swagger-resources/configuration/security]}" onto public org.springframework.http.ResponseEntity<springfox.documentation.swagger.web.SecurityConfiguration> springfox.documentation.swagger.web.ApiResourceController.securityConfiguration()
2018-07-03 09:09:27.454  INFO 3188 --- [restartedMain] s.w.s.m.m.a.RequestMappingHandlerMapping : Mapped "{[/error]}" onto public org.springframework.http.ResponseEntity<java.util.Map<java.lang.String, java.lang.Object>> org.springframework.boot.autoconfigure.web.servlet.error.BasicErrorController.error(javax.servlet.http.HttpServletRequest)
2018-07-03 09:09:27.455  INFO 3188 --- [restartedMain] s.w.s.m.m.a.RequestMappingHandlerMapping : Mapped "{[/error],produces=[text/html]}" onto public org.springframework.web.servlet.ModelAndView org.springframework.boot.autoconfigure.web.servlet.error.BasicErrorController.errorHtml(javax.servlet.http.HttpServletRequest,javax.servlet.http.HttpServletResponse)
2018-07-03 09:09:27.775  INFO 3188 --- [restartedMain] o.s.w.s.v.f.FreeMarkerConfigurer         : ClassTemplateLoader for Spring macros added to FreeMarker configuration
2018-07-03 09:09:27.898  INFO 3188 --- [restartedMain] pertySourcedRequestMappingHandlerMapping : Mapped URL path [/v2/api-docs] onto method [public org.springframework.http.ResponseEntity<springfox.documentation.spring.web.json.Json> springfox.documentation.swagger2.web.Swagger2Controller.getDocumentation(java.lang.String,javax.servlet.http.HttpServletRequest)]
2018-07-03 09:09:28.038  INFO 3188 --- [restartedMain] o.s.w.s.handler.SimpleUrlHandlerMapping  : Mapped URL path [/**/favicon.ico] onto handler of type [class org.springframework.web.servlet.resource.ResourceHttpRequestHandler]
2018-07-03 09:09:28.334  INFO 3188 --- [restartedMain] s.w.s.m.m.a.RequestMappingHandlerAdapter : Looking for @ControllerAdvice: org.springframework.boot.web.servlet.context.AnnotationConfigServletWebServerApplicationContext@472a3494: startup date [Tue Jul 03 09:09:17 CST 2018]; root of context hierarchy
2018-07-03 09:09:28.405  INFO 3188 --- [restartedMain] o.s.w.s.handler.SimpleUrlHandlerMapping  : Mapped URL path [/webjars/**] onto handler of type [class org.springframework.web.servlet.resource.ResourceHttpRequestHandler]
2018-07-03 09:09:28.405  INFO 3188 --- [restartedMain] o.s.w.s.handler.SimpleUrlHandlerMapping  : Mapped URL path [/**] onto handler of type [class org.springframework.web.servlet.resource.ResourceHttpRequestHandler]
2018-07-03 09:09:28.405  INFO 3188 --- [restartedMain] o.s.w.s.handler.SimpleUrlHandlerMapping  : Mapped URL path [/statics/**] onto handler of type [class org.springframework.web.servlet.resource.ResourceHttpRequestHandler]
2018-07-03 09:09:28.440  INFO 3188 --- [restartedMain] .m.m.a.ExceptionHandlerExceptionResolver : Detected @ExceptionHandler methods in RRExceptionHandler
2018-07-03 09:09:28.509  INFO 3188 --- [restartedMain] o.s.b.a.w.s.WelcomePageHandlerMapping    : Adding welcome page template: index
2018-07-03 09:09:29.140  INFO 3188 --- [restartedMain] o.s.b.d.a.OptionalLiveReloadServer       : LiveReload server is running on port 35729
2018-07-03 09:09:29.188  INFO 3188 --- [restartedMain] o.s.j.e.a.AnnotationMBeanExporter        : Registering beans for JMX exposure on startup
2018-07-03 09:09:29.189  INFO 3188 --- [restartedMain] o.s.j.e.a.AnnotationMBeanExporter        : Bean with name 'firstDataSource' has been autodetected for JMX exposure
2018-07-03 09:09:29.190  INFO 3188 --- [restartedMain] o.s.j.e.a.AnnotationMBeanExporter        : Bean with name 'secondDataSource' has been autodetected for JMX exposure
2018-07-03 09:09:29.190  INFO 3188 --- [restartedMain] o.s.j.e.a.AnnotationMBeanExporter        : Bean with name 'statFilter' has been autodetected for JMX exposure
2018-07-03 09:09:29.196  INFO 3188 --- [restartedMain] o.s.j.e.a.AnnotationMBeanExporter        : Located MBean 'firstDataSource': registering with JMX server as MBean [com.alibaba.druid.spring.boot.autoconfigure:name=firstDataSource,type=DruidDataSourceWrapper]
2018-07-03 09:09:29.197  INFO 3188 --- [restartedMain] o.s.j.e.a.AnnotationMBeanExporter        : Located MBean 'secondDataSource': registering with JMX server as MBean [com.alibaba.druid.spring.boot.autoconfigure:name=secondDataSource,type=DruidDataSourceWrapper]
2018-07-03 09:09:29.198  INFO 3188 --- [restartedMain] o.s.j.e.a.AnnotationMBeanExporter        : Located MBean 'statFilter': registering with JMX server as MBean [com.alibaba.druid.filter.stat:name=statFilter,type=StatFilter]
2018-07-03 09:09:29.204  INFO 3188 --- [restartedMain] o.s.c.support.DefaultLifecycleProcessor  : Starting beans in phase 2147483647
2018-07-03 09:09:29.204  INFO 3188 --- [restartedMain] d.s.w.p.DocumentationPluginsBootstrapper : Context refreshed
2018-07-03 09:09:29.225  INFO 3188 --- [restartedMain] d.s.w.p.DocumentationPluginsBootstrapper : Found 1 custom documentation plugin(s)
2018-07-03 09:09:29.269  INFO 3188 --- [restartedMain] s.d.s.w.s.ApiListingReferenceScanner     : Scanning for api listing references
2018-07-03 09:09:29.403  INFO 3188 --- [restartedMain] .d.s.w.r.o.CachingOperationNameGenerator : Generating unique operation named: infoUsingPOST_1
2018-07-03 09:09:29.408  INFO 3188 --- [restartedMain] .d.s.w.r.o.CachingOperationNameGenerator : Generating unique operation named: infoUsingPOST_2
2018-07-03 09:09:29.417  INFO 3188 --- [restartedMain] .d.s.w.r.o.CachingOperationNameGenerator : Generating unique operation named: infoUsingPOST_3
2018-07-03 09:09:29.420  INFO 3188 --- [restartedMain] .d.s.w.r.o.CachingOperationNameGenerator : Generating unique operation named: infoUsingPOST_4
2018-07-03 09:09:29.424  INFO 3188 --- [restartedMain] .d.s.w.r.o.CachingOperationNameGenerator : Generating unique operation named: infoUsingPOST_5
2018-07-03 09:09:29.428  INFO 3188 --- [restartedMain] .d.s.w.r.o.CachingOperationNameGenerator : Generating unique operation named: infoUsingPOST_6
2018-07-03 09:09:29.435  INFO 3188 --- [restartedMain] .d.s.w.r.o.CachingOperationNameGenerator : Generating unique operation named: infoUsingPOST_7
2018-07-03 09:09:29.465  INFO 3188 --- [restartedMain] .d.s.w.r.o.CachingOperationNameGenerator : Generating unique operation named: listUsingPOST_1
2018-07-03 09:09:29.467  INFO 3188 --- [restartedMain] .d.s.w.r.o.CachingOperationNameGenerator : Generating unique operation named: listUsingPOST_2
2018-07-03 09:09:29.468  INFO 3188 --- [restartedMain] .d.s.w.r.o.CachingOperationNameGenerator : Generating unique operation named: listUsingPOST_3
2018-07-03 09:09:29.470  INFO 3188 --- [restartedMain] .d.s.w.r.o.CachingOperationNameGenerator : Generating unique operation named: listUsingPOST_4
2018-07-03 09:09:29.472  INFO 3188 --- [restartedMain] .d.s.w.r.o.CachingOperationNameGenerator : Generating unique operation named: listUsingPOST_5
2018-07-03 09:09:29.475  INFO 3188 --- [restartedMain] .d.s.w.r.o.CachingOperationNameGenerator : Generating unique operation named: listUsingPOST_6
2018-07-03 09:09:29.478  INFO 3188 --- [restartedMain] .d.s.w.r.o.CachingOperationNameGenerator : Generating unique operation named: listUsingPOST_7
2018-07-03 09:09:29.491  INFO 3188 --- [restartedMain] .d.s.w.r.o.CachingOperationNameGenerator : Generating unique operation named: selectUsingPOST_1
2018-07-03 09:09:29.493  INFO 3188 --- [restartedMain] .d.s.w.r.o.CachingOperationNameGenerator : Generating unique operation named: selectUsingPOST_2
2018-07-03 09:09:29.494  INFO 3188 --- [restartedMain] .d.s.w.r.o.CachingOperationNameGenerator : Generating unique operation named: selectUsingPOST_3
2018-07-03 09:09:29.496  INFO 3188 --- [restartedMain] .d.s.w.r.o.CachingOperationNameGenerator : Generating unique operation named: selectUsingPOST_4
2018-07-03 09:09:29.498  INFO 3188 --- [restartedMain] .d.s.w.r.o.CachingOperationNameGenerator : Generating unique operation named: selectUsingPOST_5
2018-07-03 09:09:29.500  INFO 3188 --- [restartedMain] .d.s.w.r.o.CachingOperationNameGenerator : Generating unique operation named: selectUsingPOST_6
2018-07-03 09:09:29.501  INFO 3188 --- [restartedMain] .d.s.w.r.o.CachingOperationNameGenerator : Generating unique operation named: selectUsingPOST_7
2018-07-03 09:09:29.516  INFO 3188 --- [restartedMain] o.s.s.quartz.SchedulerFactoryBean        : Will start Quartz Scheduler [FrameworkScheduler] in 30 seconds
2018-07-03 09:09:29.593  INFO 3188 --- [restartedMain] o.s.b.w.embedded.tomcat.TomcatWebServer  : Tomcat started on port(s): 8080 (http) with context path '/framework-admin'
2018-07-03 09:09:29.597  INFO 3188 --- [restartedMain] com.framework.DemoApplication            : Started DemoApplication in 13.479 seconds (JVM running for 15.172)
2018-07-03 09:09:36.879  INFO 3188 --- [http-nio-8080-exec-2] o.a.c.c.C.[.[.[/framework-admin]         : Initializing Spring FrameworkServlet 'dispatcherServlet'
2018-07-03 09:09:36.880  INFO 3188 --- [http-nio-8080-exec-2] o.s.web.servlet.DispatcherServlet        : FrameworkServlet 'dispatcherServlet': initialization started
2018-07-03 09:09:36.916  INFO 3188 --- [http-nio-8080-exec-2] o.s.web.servlet.DispatcherServlet        : FrameworkServlet 'dispatcherServlet': initialization completed in 36 ms
2018-07-03 09:09:36.952  INFO 3188 --- [http-nio-8080-exec-2] a.s.s.m.AbstractValidatingSessionManager : Enabling session validation scheduler...
2018-07-03 09:09:59.516  INFO 3188 --- [Quartz Scheduler [FrameworkScheduler]] o.s.s.quartz.SchedulerFactoryBean        : Starting Quartz Scheduler now, after delay of 30 seconds
2018-07-03 09:09:59.543  INFO 3188 --- [Quartz Scheduler [FrameworkScheduler]] o.s.s.quartz.LocalDataSourceJobStore     : ClusterManager: detected 1 failed or restarted instances.
2018-07-03 09:09:59.543  INFO 3188 --- [Quartz Scheduler [FrameworkScheduler]] o.s.s.quartz.LocalDataSourceJobStore     : ClusterManager: Scanning for instance "YLMF-18040812461530257723718"'s failed in-progress jobs.
2018-07-03 09:09:59.550  INFO 3188 --- [Quartz Scheduler [FrameworkScheduler]] org.quartz.core.QuartzScheduler          : Scheduler FrameworkScheduler_$_YLMF-18040812461530580164905 started.
2018-07-03 09:10:11.191  INFO 11688 --- [restartedMain] com.framework.DemoApplication            : Starting DemoApplication on YLMF-1804081246 with PID 11688 (started by Administrator in H:\下载\demo)
2018-07-03 09:10:11.203  INFO 11688 --- [restartedMain] com.framework.DemoApplication            : The following profiles are active: dev
2018-07-03 09:10:11.272  INFO 11688 --- [restartedMain] ConfigServletWebServerApplicationContext : Refreshing org.springframework.boot.web.servlet.context.AnnotationConfigServletWebServerApplicationContext@558d5fa4: startup date [Tue Jul 03 09:10:11 CST 2018]; root of context hierarchy
2018-07-03 09:10:12.914  INFO 11688 --- [restartedMain] .s.d.r.c.RepositoryConfigurationDelegate : Multiple Spring Data modules found, entering strict repository configuration mode!
2018-07-03 09:10:13.356  INFO 11688 --- [restartedMain] trationDelegate$BeanPostProcessorChecker : Bean 'shiroConfig' of type [com.framework.common.config.ShiroConfig$$EnhancerBySpringCGLIB$$851f3410] is not eligible for getting processed by all BeanPostProcessors (for example: not eligible for auto-proxying)
2018-07-03 09:10:13.448  INFO 11688 --- [restartedMain] trationDelegate$BeanPostProcessorChecker : Bean 'org.springframework.boot.context.properties.ConversionServiceDeducer$Factory' of type [org.springframework.boot.context.properties.ConversionServiceDeducer$Factory] is not eligible for getting processed by all BeanPostProcessors (for example: not eligible for auto-proxying)
2018-07-03 09:10:13.652  INFO 11688 --- [restartedMain] trationDelegate$BeanPostProcessorChecker : Bean 'mybatis-plus-com.baomidou.mybatisplus.spring.boot.starter.MybatisPlusProperties' of type [com.baomidou.mybatisplus.spring.boot.starter.MybatisPlusProperties] is not eligible for getting processed by all BeanPostProcessors (for example: not eligible for auto-proxying)
2018-07-03 09:10:13.660  INFO 11688 --- [restartedMain] trationDelegate$BeanPostProcessorChecker : Bean 'mybatisPlusConfig' of type [com.framework.common.config.MybatisPlusConfig$$EnhancerBySpringCGLIB$$bc42cb2c] is not eligible for getting processed by all BeanPostProcessors (for example: not eligible for auto-proxying)
2018-07-03 09:10:13.671  INFO 11688 --- [restartedMain] trationDelegate$BeanPostProcessorChecker : Bean 'paginationInterceptor' of type [com.baomidou.mybatisplus.plugins.PaginationInterceptor] is not eligible for getting processed by all BeanPostProcessors (for example: not eligible for auto-proxying)
2018-07-03 09:10:13.680  INFO 11688 --- [restartedMain] trationDelegate$BeanPostProcessorChecker : Bean 'com.baomidou.mybatisplus.spring.boot.starter.MybatisPlusAutoConfiguration' of type [com.baomidou.mybatisplus.spring.boot.starter.MybatisPlusAutoConfiguration$$EnhancerBySpringCGLIB$$b0b8679b] is not eligible for getting processed by all BeanPostProcessors (for example: not eligible for auto-proxying)
2018-07-03 09:10:13.685  INFO 11688 --- [restartedMain] trationDelegate$BeanPostProcessorChecker : Bean 'dynamicDataSourceConfig' of type [com.framework.datasources.DynamicDataSourceConfig$$EnhancerBySpringCGLIB$$f249f04c] is not eligible for getting processed by all BeanPostProcessors (for example: not eligible for auto-proxying)
2018-07-03 09:10:13.745  INFO 11688 --- [restartedMain] trationDelegate$BeanPostProcessorChecker : Bean 'spring.datasource-org.springframework.boot.autoconfigure.jdbc.DataSourceProperties' of type [org.springframework.boot.autoconfigure.jdbc.DataSourceProperties] is not eligible for getting processed by all BeanPostProcessors (for example: not eligible for auto-proxying)
2018-07-03 09:10:13.749  INFO 11688 --- [restartedMain] trationDelegate$BeanPostProcessorChecker : Bean 'com.alibaba.druid.spring.boot.autoconfigure.stat.DruidFilterConfiguration' of type [com.alibaba.druid.spring.boot.autoconfigure.stat.DruidFilterConfiguration] is not eligible for getting processed by all BeanPostProcessors (for example: not eligible for auto-proxying)
2018-07-03 09:10:13.797  INFO 11688 --- [restartedMain] trationDelegate$BeanPostProcessorChecker : Bean 'statFilter' of type [com.alibaba.druid.filter.stat.StatFilter] is not eligible for getting processed by all BeanPostProcessors (for example: not eligible for auto-proxying)
2018-07-03 09:10:13.820  INFO 11688 --- [restartedMain] trationDelegate$BeanPostProcessorChecker : Bean 'firstDataSource' of type [com.alibaba.druid.spring.boot.autoconfigure.DruidDataSourceWrapper] is not eligible for getting processed by all BeanPostProcessors (for example: not eligible for auto-proxying)
2018-07-03 09:10:13.845  INFO 11688 --- [restartedMain] trationDelegate$BeanPostProcessorChecker : Bean 'secondDataSource' of type [com.alibaba.druid.spring.boot.autoconfigure.DruidDataSourceWrapper] is not eligible for getting processed by all BeanPostProcessors (for example: not eligible for auto-proxying)
2018-07-03 09:10:13.852  INFO 11688 --- [restartedMain] trationDelegate$BeanPostProcessorChecker : Bean 'dataSource' of type [com.framework.datasources.DynamicDataSource] is not eligible for getting processed by all BeanPostProcessors (for example: not eligible for auto-proxying)
2018-07-03 09:10:13.961  INFO 11688 --- [restartedMain] com.alibaba.druid.pool.DruidDataSource   : {dataSource-1} inited
2018-07-03 09:10:14.788  INFO 11688 --- [restartedMain] trationDelegate$BeanPostProcessorChecker : Bean 'sqlSessionFactory' of type [org.apache.ibatis.session.defaults.DefaultSqlSessionFactory] is not eligible for getting processed by all BeanPostProcessors (for example: not eligible for auto-proxying)
2018-07-03 09:10:14.796  INFO 11688 --- [restartedMain] trationDelegate$BeanPostProcessorChecker : Bean 'sqlSessionTemplate' of type [org.mybatis.spring.SqlSessionTemplate] is not eligible for getting processed by all BeanPostProcessors (for example: not eligible for auto-proxying)
2018-07-03 09:10:14.797  INFO 11688 --- [restartedMain] trationDelegate$BeanPostProcessorChecker : Bean 'sysUserDao' of type [org.mybatis.spring.mapper.MapperFactoryBean] is not eligible for getting processed by all BeanPostProcessors (for example: not eligible for auto-proxying)
2018-07-03 09:10:14.801  INFO 11688 --- [restartedMain] trationDelegate$BeanPostProcessorChecker : Bean 'sysUserDao' of type [com.sun.proxy.$Proxy83] is not eligible for getting processed by all BeanPostProcessors (for example: not eligible for auto-proxying)
2018-07-03 09:10:14.804  INFO 11688 --- [restartedMain] trationDelegate$BeanPostProcessorChecker : Bean 'sysMenuDao' of type [org.mybatis.spring.mapper.MapperFactoryBean] is not eligible for getting processed by all BeanPostProcessors (for example: not eligible for auto-proxying)
2018-07-03 09:10:14.806  INFO 11688 --- [restartedMain] trationDelegate$BeanPostProcessorChecker : Bean 'sysMenuDao' of type [com.sun.proxy.$Proxy84] is not eligible for getting processed by all BeanPostProcessors (for example: not eligible for auto-proxying)
2018-07-03 09:10:14.807  INFO 11688 --- [restartedMain] trationDelegate$BeanPostProcessorChecker : Bean 'userRealm' of type [com.framework.modules.sys.shiro.UserRealm] is not eligible for getting processed by all BeanPostProcessors (for example: not eligible for auto-proxying)
2018-07-03 09:10:14.835  INFO 11688 --- [restartedMain] trationDelegate$BeanPostProcessorChecker : Bean 'spring.redis-org.springframework.boot.autoconfigure.data.redis.RedisProperties' of type [org.springframework.boot.autoconfigure.data.redis.RedisProperties] is not eligible for getting processed by all BeanPostProcessors (for example: not eligible for auto-proxying)
2018-07-03 09:10:14.842  INFO 11688 --- [restartedMain] trationDelegate$BeanPostProcessorChecker : Bean 'org.springframework.boot.autoconfigure.data.redis.LettuceConnectionConfiguration' of type [org.springframework.boot.autoconfigure.data.redis.LettuceConnectionConfiguration$$EnhancerBySpringCGLIB$$78328788] is not eligible for getting processed by all BeanPostProcessors (for example: not eligible for auto-proxying)
2018-07-03 09:10:14.959  INFO 11688 --- [restartedMain] trationDelegate$BeanPostProcessorChecker : Bean 'lettuceClientResources' of type [io.lettuce.core.resource.DefaultClientResources] is not eligible for getting processed by all BeanPostProcessors (for example: not eligible for auto-proxying)
2018-07-03 09:10:15.111  INFO 11688 --- [restartedMain] trationDelegate$BeanPostProcessorChecker : Bean 'redisConnectionFactory' of type [org.springframework.data.redis.connection.lettuce.LettuceConnectionFactory] is not eligible for getting processed by all BeanPostProcessors (for example: not eligible for auto-proxying)
2018-07-03 09:10:15.112  INFO 11688 --- [restartedMain] trationDelegate$BeanPostProcessorChecker : Bean 'redisConfig' of type [com.framework.common.config.RedisConfig$$EnhancerBySpringCGLIB$$cfedbb5a] is not eligible for getting processed by all BeanPostProcessors (for example: not eligible for auto-proxying)
2018-07-03 09:10:15.133  INFO 11688 --- [restartedMain] trationDelegate$BeanPostProcessorChecker : Bean 'redisTemplate' of type [org.springframework.data.redis.core.RedisTemplate] is not eligible for getting processed by all BeanPostProcessors (for example: not eligible for auto-proxying)
2018-07-03 09:10:15.134  INFO 11688 --- [restartedMain] trationDelegate$BeanPostProcessorChecker : Bean 'redisShiroSessionDAO' of type [com.framework.modules.sys.shiro.RedisShiroSessionDAO] is not eligible for getting processed by all BeanPostProcessors (for example: not eligible for auto-proxying)
2018-07-03 09:10:15.148  INFO 11688 --- [restartedMain] trationDelegate$BeanPostProcessorChecker : Bean 'sessionManager' of type [org.apache.shiro.web.session.mgt.DefaultWebSessionManager] is not eligible for getting processed by all BeanPostProcessors (for example: not eligible for auto-proxying)
2018-07-03 09:10:15.409  INFO 11688 --- [restartedMain] trationDelegate$BeanPostProcessorChecker : Bean 'securityManager' of type [org.apache.shiro.web.mgt.DefaultWebSecurityManager] is not eligible for getting processed by all BeanPostProcessors (for example: not eligible for auto-proxying)
2018-07-03 09:10:15.480  INFO 11688 --- [restartedMain] trationDelegate$BeanPostProcessorChecker : Bean 'authorizationAttributeSourceAdvisor' of type [org.apache.shiro.spring.security.interceptor.AuthorizationAttributeSourceAdvisor] is not eligible for getting processed by all BeanPostProcessors (for example: not eligible for auto-proxying)
2018-07-03 09:10:15.535  INFO 11688 --- [restartedMain] trationDelegate$BeanPostProcessorChecker : Bean 'org.springframework.transaction.annotation.ProxyTransactionManagementConfiguration' of type [org.springframework.transaction.annotation.ProxyTransactionManagementConfiguration$$EnhancerBySpringCGLIB$$6318c93e] is not eligible for getting processed by all BeanPostProcessors (for example: not eligible for auto-proxying)
2018-07-03 09:10:16.176  INFO 11688 --- [restartedMain] o.s.b.w.embedded.tomcat.TomcatWebServer  : Tomcat initialized with port(s): 80 (http)
2018-07-03 09:10:16.202  INFO 11688 --- [restartedMain] o.apache.catalina.core.StandardService   : Starting service [Tomcat]
2018-07-03 09:10:16.203  INFO 11688 --- [restartedMain] org.apache.catalina.core.StandardEngine  : Starting Servlet Engine: Apache Tomcat/8.5.31
2018-07-03 09:10:16.213  INFO 11688 --- [localhost-startStop-1] o.a.catalina.core.AprLifecycleListener   : The APR based Apache Tomcat Native library which allows optimal performance in production environments was not found on the java.library.path: [C:\Program Files\Java\jdk1.8.0_131\bin;C:\WINDOWS\Sun\Java\bin;C:\WINDOWS\system32;C:\WINDOWS;C:\ProgramData\Oracle\Java\javapath;C:\WINDOWS\system32;C:\WINDOWS;C:\WINDOWS\System32\Wbem;C:\WINDOWS\System32\WindowsPowerShell\v1.0\;D:\Program Files\TortoiseSVN\bin;C:\Program Files\Java\jdk1.8.0_131\bin;C:\Program Files\Java\jdk1.8.0_131\jre\bin;H:\apache-maven-3.3.9\bin\;C:\WINDOWS\System32\OpenSSH\;D:\Program Files\nodejs\;C:\Users\Administrator\AppData\Local\Microsoft\WindowsApps;C:\Users\Administrator\AppData\Local\Microsoft\WindowsApps;C:\Users\Administrator\AppData\Roaming\npm;.]
2018-07-03 09:10:16.336  INFO 11688 --- [localhost-startStop-1] o.a.c.c.C.[Tomcat].[localhost].[/]       : Initializing Spring embedded WebApplicationContext
2018-07-03 09:10:16.336  INFO 11688 --- [localhost-startStop-1] o.s.web.context.ContextLoader            : Root WebApplicationContext: initialization completed in 5064 ms
2018-07-03 09:10:16.606  INFO 11688 --- [localhost-startStop-1] o.s.b.w.servlet.FilterRegistrationBean   : Mapping filter: 'characterEncodingFilter' to: [/*]
2018-07-03 09:10:16.606  INFO 11688 --- [localhost-startStop-1] o.s.b.w.servlet.FilterRegistrationBean   : Mapping filter: 'hiddenHttpMethodFilter' to: [/*]
2018-07-03 09:10:16.607  INFO 11688 --- [localhost-startStop-1] o.s.b.w.servlet.FilterRegistrationBean   : Mapping filter: 'httpPutFormContentFilter' to: [/*]
2018-07-03 09:10:16.607  INFO 11688 --- [localhost-startStop-1] o.s.b.w.servlet.FilterRegistrationBean   : Mapping filter: 'requestContextFilter' to: [/*]
2018-07-03 09:10:16.607  INFO 11688 --- [localhost-startStop-1] o.s.b.w.servlet.FilterRegistrationBean   : Mapping filter: 'delegatingFilterProxy' to urls: [/*]
2018-07-03 09:10:16.607  INFO 11688 --- [localhost-startStop-1] o.s.b.w.servlet.FilterRegistrationBean   : Mapping filter: 'xssFilter' to urls: [/*]
2018-07-03 09:10:16.607  INFO 11688 --- [localhost-startStop-1] o.s.b.w.servlet.FilterRegistrationBean   : Mapping filter: 'webStatFilter' to urls: [/*]
2018-07-03 09:10:16.608  INFO 11688 --- [localhost-startStop-1] o.s.b.w.servlet.FilterRegistrationBean   : Mapping filter: 'shiroFilter' to: [/*]
2018-07-03 09:10:16.609  INFO 11688 --- [localhost-startStop-1] o.s.b.w.servlet.ServletRegistrationBean  : Servlet dispatcherServlet mapped to [/]
2018-07-03 09:10:16.610  INFO 11688 --- [localhost-startStop-1] o.s.b.w.servlet.ServletRegistrationBean  : Servlet statViewServlet mapped to [/druid/*]
2018-07-03 09:10:17.007  INFO 11688 --- [restartedMain] org.quartz.impl.StdSchedulerFactory      : Using default implementation for ThreadExecutor
2018-07-03 09:10:17.021  INFO 11688 --- [restartedMain] org.quartz.core.SchedulerSignalerImpl    : Initialized Scheduler Signaller of type: class org.quartz.core.SchedulerSignalerImpl
2018-07-03 09:10:17.021  INFO 11688 --- [restartedMain] org.quartz.core.QuartzScheduler          : Quartz Scheduler v.2.3.0 created.
2018-07-03 09:10:17.026  INFO 11688 --- [restartedMain] o.s.s.quartz.LocalDataSourceJobStore     : Using db table-based data access locking (synchronization).
2018-07-03 09:10:17.028  INFO 11688 --- [restartedMain] o.s.s.quartz.LocalDataSourceJobStore     : JobStoreCMT initialized.
2018-07-03 09:10:17.029  INFO 11688 --- [restartedMain] org.quartz.core.QuartzScheduler          : Scheduler meta-data: Quartz Scheduler (v2.3.0) 'FrameworkScheduler' with instanceId 'YLMF-18040812461530580217009'
  Scheduler class: 'org.quartz.core.QuartzScheduler' - running locally.
  NOT STARTED.
  Currently in standby mode.
  Number of jobs executed: 0
  Using thread pool 'org.quartz.simpl.SimpleThreadPool' - with 20 threads.
  Using job-store 'org.springframework.scheduling.quartz.LocalDataSourceJobStore' - which supports persistence. and is clustered.

2018-07-03 09:10:17.029  INFO 11688 --- [restartedMain] org.quartz.impl.StdSchedulerFactory      : Quartz scheduler 'FrameworkScheduler' initialized from an externally provided properties instance.
2018-07-03 09:10:17.029  INFO 11688 --- [restartedMain] org.quartz.impl.StdSchedulerFactory      : Quartz scheduler version: 2.3.0
2018-07-03 09:10:17.030  INFO 11688 --- [restartedMain] org.quartz.core.QuartzScheduler          : JobFactory set to: org.springframework.scheduling.quartz.AdaptableJobFactory@51cafba8
2018-07-03 09:10:18.263  INFO 11688 --- [restartedMain] s.w.s.m.m.a.RequestMappingHandlerMapping : Mapped "{[/sys/schedule/run]}" onto public com.framework.common.utils.R com.framework.modules.job.controller.ScheduleJobController.run(java.lang.Long[])
2018-07-03 09:10:18.264  INFO 11688 --- [restartedMain] s.w.s.m.m.a.RequestMappingHandlerMapping : Mapped "{[/sys/schedule/update]}" onto public com.framework.common.utils.R com.framework.modules.job.controller.ScheduleJobController.update(com.framework.modules.job.entity.ScheduleJobEntity)
2018-07-03 09:10:18.265  INFO 11688 --- [restartedMain] s.w.s.m.m.a.RequestMappingHandlerMapping : Mapped "{[/sys/schedule/delete]}" onto public com.framework.common.utils.R com.framework.modules.job.controller.ScheduleJobController.delete(java.lang.Long[])
2018-07-03 09:10:18.265  INFO 11688 --- [restartedMain] s.w.s.m.m.a.RequestMappingHandlerMapping : Mapped "{[/sys/schedule/resume]}" onto public com.framework.common.utils.R com.framework.modules.job.controller.ScheduleJobController.resume(java.lang.Long[])
2018-07-03 09:10:18.266  INFO 11688 --- [restartedMain] s.w.s.m.m.a.RequestMappingHandlerMapping : Mapped "{[/sys/schedule/list]}" onto public com.framework.common.utils.R com.framework.modules.job.controller.ScheduleJobController.list(java.util.Map<java.lang.String, java.lang.Object>)
2018-07-03 09:10:18.266  INFO 11688 --- [restartedMain] s.w.s.m.m.a.RequestMappingHandlerMapping : Mapped "{[/sys/schedule/save]}" onto public com.framework.common.utils.R com.framework.modules.job.controller.ScheduleJobController.save(com.framework.modules.job.entity.ScheduleJobEntity)
2018-07-03 09:10:18.266  INFO 11688 --- [restartedMain] s.w.s.m.m.a.RequestMappingHandlerMapping : Mapped "{[/sys/schedule/info/{jobId}]}" onto public com.framework.common.utils.R com.framework.modules.job.controller.ScheduleJobController.info(java.lang.Long)
2018-07-03 09:10:18.267  INFO 11688 --- [restartedMain] s.w.s.m.m.a.RequestMappingHandlerMapping : Mapped "{[/sys/schedule/pause]}" onto public com.framework.common.utils.R com.framework.modules.job.controller.ScheduleJobController.pause(java.lang.Long[])
2018-07-03 09:10:18.268  INFO 11688 --- [restartedMain] s.w.s.m.m.a.RequestMappingHandlerMapping : Mapped "{[/sys/scheduleLog/list]}" onto public com.framework.common.utils.R com.framework.modules.job.controller.ScheduleJobLogController.list(java.util.Map<java.lang.String, java.lang.Object>)
2018-07-03 09:10:18.269  INFO 11688 --- [restartedMain] s.w.s.m.m.a.RequestMappingHandlerMapping : Mapped "{[/sys/scheduleLog/info/{logId}]}" onto public com.framework.common.utils.R com.framework.modules.job.controller.ScheduleJobLogController.info(java.lang.Long)
2018-07-03 09:10:18.270  INFO 11688 --- [restartedMain] s.w.s.m.m.a.RequestMappingHandlerMapping : Mapped "{[/sys/oss/delete]}" onto public com.framework.common.utils.R com.framework.modules.oss.controller.SysOssController.delete(java.lang.Long[])
2018-07-03 09:10:18.271  INFO 11688 --- [restartedMain] s.w.s.m.m.a.RequestMappingHandlerMapping : Mapped "{[/sys/oss/list]}" onto public com.framework.common.utils.R com.framework.modules.oss.controller.SysOssController.list(java.util.Map<java.lang.String, java.lang.Object>)
2018-07-03 09:10:18.271  INFO 11688 --- [restartedMain] s.w.s.m.m.a.RequestMappingHandlerMapping : Mapped "{[/sys/oss/config]}" onto public com.framework.common.utils.R com.framework.modules.oss.controller.SysOssController.config()
2018-07-03 09:10:18.271  INFO 11688 --- [restartedMain] s.w.s.m.m.a.RequestMappingHandlerMapping : Mapped "{[/sys/oss/upload]}" onto public com.framework.common.utils.R com.framework.modules.oss.controller.SysOssController.upload(org.springframework.web.multipart.MultipartFile) throws java.lang.Exception
2018-07-03 09:10:18.272  INFO 11688 --- [restartedMain] s.w.s.m.m.a.RequestMappingHandlerMapping : Mapped "{[/sys/oss/saveConfig]}" onto public com.framework.common.utils.R com.framework.modules.oss.controller.SysOssController.saveConfig(com.framework.modules.oss.cloud.CloudStorageConfig)
2018-07-03 09:10:18.275  INFO 11688 --- [restartedMain] s.w.s.m.m.a.RequestMappingHandlerMapping : Mapped "{[/sys/estheaddata/update]}" onto public com.framework.common.utils.R com.framework.modules.sys.controller.EstHeadDataController.update(com.framework.modules.sys.entity.EstHeadDataEntity)
2018-07-03 09:10:18.276  INFO 11688 --- [restartedMain] s.w.s.m.m.a.RequestMappingHandlerMapping : Mapped "{[/sys/estheaddata/delete]}" onto public com.framework.common.utils.R com.framework.modules.sys.controller.EstHeadDataController.delete(java.lang.Long[])
2018-07-03 09:10:18.277  INFO 11688 --- [restartedMain] s.w.s.m.m.a.RequestMappingHandlerMapping : Mapped "{[/sys/estheaddata/list]}" onto public com.framework.common.utils.R com.framework.modules.sys.controller.EstHeadDataController.list(java.util.Map<java.lang.String, java.lang.Object>)
2018-07-03 09:10:18.277  INFO 11688 --- [restartedMain] s.w.s.m.m.a.RequestMappingHandlerMapping : Mapped "{[/sys/estheaddata/save]}" onto public com.framework.common.utils.R com.framework.modules.sys.controller.EstHeadDataController.save(com.framework.modules.sys.entity.EstHeadDataEntity)
2018-07-03 09:10:18.278  INFO 11688 --- [restartedMain] s.w.s.m.m.a.RequestMappingHandlerMapping : Mapped "{[/sys/estheaddata/info/{id}]}" onto public com.framework.common.utils.R com.framework.modules.sys.controller.EstHeadDataController.info(java.lang.Long)
2018-07-03 09:10:18.279  INFO 11688 --- [restartedMain] s.w.s.m.m.a.RequestMappingHandlerMapping : Mapped "{[/sys/config/update]}" onto public com.framework.common.utils.R com.framework.modules.sys.controller.SysConfigController.update(com.framework.modules.sys.entity.SysConfigEntity)
2018-07-03 09:10:18.279  INFO 11688 --- [restartedMain] s.w.s.m.m.a.RequestMappingHandlerMapping : Mapped "{[/sys/config/delete]}" onto public com.framework.common.utils.R com.framework.modules.sys.controller.SysConfigController.delete(java.lang.Long[])
2018-07-03 09:10:18.280  INFO 11688 --- [restartedMain] s.w.s.m.m.a.RequestMappingHandlerMapping : Mapped "{[/sys/config/list]}" onto public com.framework.common.utils.R com.framework.modules.sys.controller.SysConfigController.list(java.util.Map<java.lang.String, java.lang.Object>)
2018-07-03 09:10:18.280  INFO 11688 --- [restartedMain] s.w.s.m.m.a.RequestMappingHandlerMapping : Mapped "{[/sys/config/save]}" onto public com.framework.common.utils.R com.framework.modules.sys.controller.SysConfigController.save(com.framework.modules.sys.entity.SysConfigEntity)
2018-07-03 09:10:18.280  INFO 11688 --- [restartedMain] s.w.s.m.m.a.RequestMappingHandlerMapping : Mapped "{[/sys/config/info/{id}]}" onto public com.framework.common.utils.R com.framework.modules.sys.controller.SysConfigController.info(java.lang.Long)
2018-07-03 09:10:18.281  INFO 11688 --- [restartedMain] s.w.s.m.m.a.RequestMappingHandlerMapping : Mapped "{[/sys/dept/update]}" onto public com.framework.common.utils.R com.framework.modules.sys.controller.SysDeptController.update(com.framework.modules.sys.entity.SysDeptEntity)
2018-07-03 09:10:18.282  INFO 11688 --- [restartedMain] s.w.s.m.m.a.RequestMappingHandlerMapping : Mapped "{[/sys/dept/delete]}" onto public com.framework.common.utils.R com.framework.modules.sys.controller.SysDeptController.delete(long)
2018-07-03 09:10:18.282  INFO 11688 --- [restartedMain] s.w.s.m.m.a.RequestMappingHandlerMapping : Mapped "{[/sys/dept/list]}" onto public java.util.List<com.framework.modules.sys.entity.SysDeptEntity> com.framework.modules.sys.controller.SysDeptController.list()
2018-07-03 09:10:18.283  INFO 11688 --- [restartedMain] s.w.s.m.m.a.RequestMappingHandlerMapping : Mapped "{[/sys/dept/save]}" onto public com.framework.common.utils.R com.framework.modules.sys.controller.SysDeptController.save(com.framework.modules.sys.entity.SysDeptEntity)
2018-07-03 09:10:18.283  INFO 11688 --- [restartedMain] s.w.s.m.m.a.RequestMappingHandlerMapping : Mapped "{[/sys/dept/select]}" onto public com.framework.common.utils.R com.framework.modules.sys.controller.SysDeptController.select()
2018-07-03 09:10:18.283  INFO 11688 --- [restartedMain] s.w.s.m.m.a.RequestMappingHandlerMapping : Mapped "{[/sys/dept/info/{deptId}]}" onto public com.framework.common.utils.R com.framework.modules.sys.controller.SysDeptController.info(java.lang.Long)
2018-07-03 09:10:18.283  INFO 11688 --- [restartedMain] s.w.s.m.m.a.RequestMappingHandlerMapping : Mapped "{[/sys/dept/info]}" onto public com.framework.common.utils.R com.framework.modules.sys.controller.SysDeptController.info()
2018-07-03 09:10:18.284  INFO 11688 --- [restartedMain] s.w.s.m.m.a.RequestMappingHandlerMapping : Mapped "{[/sys/dict/update]}" onto public com.framework.common.utils.R com.framework.modules.sys.controller.SysDictController.update(com.framework.modules.sys.entity.SysDictEntity)
2018-07-03 09:10:18.285  INFO 11688 --- [restartedMain] s.w.s.m.m.a.RequestMappingHandlerMapping : Mapped "{[/sys/dict/delete]}" onto public com.framework.common.utils.R com.framework.modules.sys.controller.SysDictController.delete(java.lang.Long[])
2018-07-03 09:10:18.285  INFO 11688 --- [restartedMain] s.w.s.m.m.a.RequestMappingHandlerMapping : Mapped "{[/sys/dict/list]}" onto public com.framework.common.utils.R com.framework.modules.sys.controller.SysDictController.list(java.util.Map<java.lang.String, java.lang.Object>)
2018-07-03 09:10:18.286  INFO 11688 --- [restartedMain] s.w.s.m.m.a.RequestMappingHandlerMapping : Mapped "{[/sys/dict/save]}" onto public com.framework.common.utils.R com.framework.modules.sys.controller.SysDictController.save(com.framework.modules.sys.entity.SysDictEntity)
2018-07-03 09:10:18.286  INFO 11688 --- [restartedMain] s.w.s.m.m.a.RequestMappingHandlerMapping : Mapped "{[/sys/dict/info/{id}]}" onto public com.framework.common.utils.R com.framework.modules.sys.controller.SysDictController.info(java.lang.Long)
2018-07-03 09:10:18.287  INFO 11688 --- [restartedMain] s.w.s.m.m.a.RequestMappingHandlerMapping : Mapped "{[/sys/log/list]}" onto public com.framework.common.utils.R com.framework.modules.sys.controller.SysLogController.list(java.util.Map<java.lang.String, java.lang.Object>)
2018-07-03 09:10:18.287  INFO 11688 --- [restartedMain] s.w.s.m.m.a.RequestMappingHandlerMapping : Mapped "{[/captcha.jpg]}" onto public void com.framework.modules.sys.controller.SysLoginController.captcha(javax.servlet.http.HttpServletResponse) throws java.io.IOException
2018-07-03 09:10:18.288  INFO 11688 --- [restartedMain] s.w.s.m.m.a.RequestMappingHandlerMapping : Mapped "{[/logout],methods=[GET]}" onto public java.lang.String com.framework.modules.sys.controller.SysLoginController.logout()
2018-07-03 09:10:18.288  INFO 11688 --- [restartedMain] s.w.s.m.m.a.RequestMappingHandlerMapping : Mapped "{[/sys/login],methods=[POST]}" onto public com.framework.common.utils.R com.framework.modules.sys.controller.SysLoginController.login(java.lang.String,java.lang.String,java.lang.String)
2018-07-03 09:10:18.289  INFO 11688 --- [restartedMain] s.w.s.m.m.a.RequestMappingHandlerMapping : Mapped "{[/sys/menu/update]}" onto public com.framework.common.utils.R com.framework.modules.sys.controller.SysMenuController.update(com.framework.modules.sys.entity.SysMenuEntity)
2018-07-03 09:10:18.289  INFO 11688 --- [restartedMain] s.w.s.m.m.a.RequestMappingHandlerMapping : Mapped "{[/sys/menu/delete]}" onto public com.framework.common.utils.R com.framework.modules.sys.controller.SysMenuController.delete(long)
2018-07-03 09:10:18.290  INFO 11688 --- [restartedMain] s.w.s.m.m.a.RequestMappingHandlerMapping : Mapped "{[/sys/menu/list]}" onto public java.util.List<com.framework.modules.sys.entity.SysMenuEntity> com.framework.modules.sys.controller.SysMenuController.list()
2018-07-03 09:10:18.290  INFO 11688 --- [restartedMain] s.w.s.m.m.a.RequestMappingHandlerMapping : Mapped "{[/sys/menu/save]}" onto public com.framework.common.utils.R com.framework.modules.sys.controller.SysMenuController.save(com.framework.modules.sys.entity.SysMenuEntity)
2018-07-03 09:10:18.290  INFO 11688 --- [restartedMain] s.w.s.m.m.a.RequestMappingHandlerMapping : Mapped "{[/sys/menu/select]}" onto public com.framework.common.utils.R com.framework.modules.sys.controller.SysMenuController.select()
2018-07-03 09:10:18.290  INFO 11688 --- [restartedMain] s.w.s.m.m.a.RequestMappingHandlerMapping : Mapped "{[/sys/menu/info/{menuId}]}" onto public com.framework.common.utils.R com.framework.modules.sys.controller.SysMenuController.info(java.lang.Long)
2018-07-03 09:10:18.291  INFO 11688 --- [restartedMain] s.w.s.m.m.a.RequestMappingHandlerMapping : Mapped "{[/sys/menu/nav]}" onto public com.framework.common.utils.R com.framework.modules.sys.controller.SysMenuController.nav()
2018-07-03 09:10:18.292  INFO 11688 --- [restartedMain] s.w.s.m.m.a.RequestMappingHandlerMapping : Mapped "{[/ || /index.html]}" onto public java.lang.String com.framework.modules.sys.controller.SysPageController.index()
2018-07-03 09:10:18.292  INFO 11688 --- [restartedMain] s.w.s.m.m.a.RequestMappingHandlerMapping : Mapped "{[/main.html]}" onto public java.lang.String com.framework.modules.sys.controller.SysPageController.main()
2018-07-03 09:10:18.293  INFO 11688 --- [restartedMain] s.w.s.m.m.a.RequestMappingHandlerMapping : Mapped "{[/modules/{module}/{url}.html]}" onto public java.lang.String com.framework.modules.sys.controller.SysPageController.module(java.lang.String,java.lang.String)
2018-07-03 09:10:18.293  INFO 11688 --- [restartedMain] s.w.s.m.m.a.RequestMappingHandlerMapping : Mapped "{[/index1.html]}" onto public java.lang.String com.framework.modules.sys.controller.SysPageController.index1()
2018-07-03 09:10:18.294  INFO 11688 --- [restartedMain] s.w.s.m.m.a.RequestMappingHandlerMapping : Mapped "{[/404.html]}" onto public java.lang.String com.framework.modules.sys.controller.SysPageController.notFound()
2018-07-03 09:10:18.294  INFO 11688 --- [restartedMain] s.w.s.m.m.a.RequestMappingHandlerMapping : Mapped "{[/login.html]}" onto public java.lang.String com.framework.modules.sys.controller.SysPageController.login()
2018-07-03 09:10:18.295  INFO 11688 --- [restartedMain] s.w.s.m.m.a.RequestMappingHandlerMapping : Mapped "{[/sys/role/update]}" onto public com.framework.common.utils.R com.framework.modules.sys.controller.SysRoleController.update(com.framework.modules.sys.entity.SysRoleEntity)
2018-07-03 09:10:18.297  INFO 11688 --- [restartedMain] s.w.s.m.m.a.RequestMappingHandlerMapping : Mapped "{[/sys/role/delete]}" onto public com.framework.common.utils.R com.framework.modules.sys.controller.SysRoleController.delete(java.lang.Long[])
2018-07-03 09:10:18.298  INFO 11688 --- [restartedMain] s.w.s.m.m.a.RequestMappingHandlerMapping : Mapped "{[/sys/role/list]}" onto public com.framework.common.utils.R com.framework.modules.sys.controller.SysRoleController.list(java.util.Map<java.lang.String, java.lang.Object>)
2018-07-03 09:10:18.298  INFO 11688 --- [restartedMain] s.w.s.m.m.a.RequestMappingHandlerMapping : Mapped "{[/sys/role/save]}" onto public com.framework.common.utils.R com.framework.modules.sys.controller.SysRoleController.save(com.framework.modules.sys.entity.SysRoleEntity)
2018-07-03 09:10:18.299  INFO 11688 --- [restartedMain] s.w.s.m.m.a.RequestMappingHandlerMapping : Mapped "{[/sys/role/select]}" onto public com.framework.common.utils.R com.framework.modules.sys.controller.SysRoleController.select()
2018-07-03 09:10:18.299  INFO 11688 --- [restartedMain] s.w.s.m.m.a.RequestMappingHandlerMapping : Mapped "{[/sys/role/info/{roleId}]}" onto public com.framework.common.utils.R com.framework.modules.sys.controller.SysRoleController.info(java.lang.Long)
2018-07-03 09:10:18.301  INFO 11688 --- [restartedMain] s.w.s.m.m.a.RequestMappingHandlerMapping : Mapped "{[/sys/user/update]}" onto public com.framework.common.utils.R com.framework.modules.sys.controller.SysUserController.update(com.framework.modules.sys.entity.SysUserEntity)
2018-07-03 09:10:18.303  INFO 11688 --- [restartedMain] s.w.s.m.m.a.RequestMappingHandlerMapping : Mapped "{[/sys/user/delete]}" onto public com.framework.common.utils.R com.framework.modules.sys.controller.SysUserController.delete(java.lang.Long[])
2018-07-03 09:10:18.304  INFO 11688 --- [restartedMain] s.w.s.m.m.a.RequestMappingHandlerMapping : Mapped "{[/sys/user/list]}" onto public com.framework.common.utils.R com.framework.modules.sys.controller.SysUserController.list(java.util.Map<java.lang.String, java.lang.Object>)
2018-07-03 09:10:18.305  INFO 11688 --- [restartedMain] s.w.s.m.m.a.RequestMappingHandlerMapping : Mapped "{[/sys/user/save]}" onto public com.framework.common.utils.R com.framework.modules.sys.controller.SysUserController.save(com.framework.modules.sys.entity.SysUserEntity)
2018-07-03 09:10:18.306  INFO 11688 --- [restartedMain] s.w.s.m.m.a.RequestMappingHandlerMapping : Mapped "{[/sys/user/info/{userId}]}" onto public com.framework.common.utils.R com.framework.modules.sys.controller.SysUserController.info(java.lang.Long)
2018-07-03 09:10:18.307  INFO 11688 --- [restartedMain] s.w.s.m.m.a.RequestMappingHandlerMapping : Mapped "{[/sys/user/info]}" onto public com.framework.common.utils.R com.framework.modules.sys.controller.SysUserController.info()
2018-07-03 09:10:18.309  INFO 11688 --- [restartedMain] s.w.s.m.m.a.RequestMappingHandlerMapping : Mapped "{[/sys/user/password]}" onto public com.framework.common.utils.R com.framework.modules.sys.controller.SysUserController.password(java.lang.String,java.lang.String)
2018-07-03 09:10:18.320  INFO 11688 --- [restartedMain] s.w.s.m.m.a.RequestMappingHandlerMapping : Mapped "{[/swagger-resources/configuration/ui]}" onto public org.springframework.http.ResponseEntity<springfox.documentation.swagger.web.UiConfiguration> springfox.documentation.swagger.web.ApiResourceController.uiConfiguration()
2018-07-03 09:10:18.321  INFO 11688 --- [restartedMain] s.w.s.m.m.a.RequestMappingHandlerMapping : Mapped "{[/swagger-resources]}" onto public org.springframework.http.ResponseEntity<java.util.List<springfox.documentation.swagger.web.SwaggerResource>> springfox.documentation.swagger.web.ApiResourceController.swaggerResources()
2018-07-03 09:10:18.322  INFO 11688 --- [restartedMain] s.w.s.m.m.a.RequestMappingHandlerMapping : Mapped "{[/swagger-resources/configuration/security]}" onto public org.springframework.http.ResponseEntity<springfox.documentation.swagger.web.SecurityConfiguration> springfox.documentation.swagger.web.ApiResourceController.securityConfiguration()
2018-07-03 09:10:18.326  INFO 11688 --- [restartedMain] s.w.s.m.m.a.RequestMappingHandlerMapping : Mapped "{[/error]}" onto public org.springframework.http.ResponseEntity<java.util.Map<java.lang.String, java.lang.Object>> org.springframework.boot.autoconfigure.web.servlet.error.BasicErrorController.error(javax.servlet.http.HttpServletRequest)
2018-07-03 09:10:18.327  INFO 11688 --- [restartedMain] s.w.s.m.m.a.RequestMappingHandlerMapping : Mapped "{[/error],produces=[text/html]}" onto public org.springframework.web.servlet.ModelAndView org.springframework.boot.autoconfigure.web.servlet.error.BasicErrorController.errorHtml(javax.servlet.http.HttpServletRequest,javax.servlet.http.HttpServletResponse)
2018-07-03 09:10:18.615  INFO 11688 --- [restartedMain] o.s.w.s.v.f.FreeMarkerConfigurer         : ClassTemplateLoader for Spring macros added to FreeMarker configuration
2018-07-03 09:10:18.709  INFO 11688 --- [restartedMain] pertySourcedRequestMappingHandlerMapping : Mapped URL path [/v2/api-docs] onto method [public org.springframework.http.ResponseEntity<springfox.documentation.spring.web.json.Json> springfox.documentation.swagger2.web.Swagger2Controller.getDocumentation(java.lang.String,javax.servlet.http.HttpServletRequest)]
2018-07-03 09:10:18.815  INFO 11688 --- [restartedMain] o.s.w.s.handler.SimpleUrlHandlerMapping  : Mapped URL path [/**/favicon.ico] onto handler of type [class org.springframework.web.servlet.resource.ResourceHttpRequestHandler]
2018-07-03 09:10:19.034  INFO 11688 --- [restartedMain] s.w.s.m.m.a.RequestMappingHandlerAdapter : Looking for @ControllerAdvice: org.springframework.boot.web.servlet.context.AnnotationConfigServletWebServerApplicationContext@558d5fa4: startup date [Tue Jul 03 09:10:11 CST 2018]; root of context hierarchy
2018-07-03 09:10:19.110  INFO 11688 --- [restartedMain] o.s.w.s.handler.SimpleUrlHandlerMapping  : Mapped URL path [/webjars/**] onto handler of type [class org.springframework.web.servlet.resource.ResourceHttpRequestHandler]
2018-07-03 09:10:19.111  INFO 11688 --- [restartedMain] o.s.w.s.handler.SimpleUrlHandlerMapping  : Mapped URL path [/**] onto handler of type [class org.springframework.web.servlet.resource.ResourceHttpRequestHandler]
2018-07-03 09:10:19.112  INFO 11688 --- [restartedMain] o.s.w.s.handler.SimpleUrlHandlerMapping  : Mapped URL path [/statics/**] onto handler of type [class org.springframework.web.servlet.resource.ResourceHttpRequestHandler]
2018-07-03 09:10:19.137  INFO 11688 --- [restartedMain] .m.m.a.ExceptionHandlerExceptionResolver : Detected @ExceptionHandler methods in RRExceptionHandler
2018-07-03 09:10:19.206  INFO 11688 --- [restartedMain] o.s.b.a.w.s.WelcomePageHandlerMapping    : Adding welcome page template: index
2018-07-03 09:10:19.766  INFO 11688 --- [restartedMain] o.s.b.d.a.OptionalLiveReloadServer       : LiveReload server is running on port 35729
2018-07-03 09:10:19.823  INFO 11688 --- [restartedMain] o.s.j.e.a.AnnotationMBeanExporter        : Registering beans for JMX exposure on startup
2018-07-03 09:10:19.825  INFO 11688 --- [restartedMain] o.s.j.e.a.AnnotationMBeanExporter        : Bean with name 'firstDataSource' has been autodetected for JMX exposure
2018-07-03 09:10:19.825  INFO 11688 --- [restartedMain] o.s.j.e.a.AnnotationMBeanExporter        : Bean with name 'secondDataSource' has been autodetected for JMX exposure
2018-07-03 09:10:19.826  INFO 11688 --- [restartedMain] o.s.j.e.a.AnnotationMBeanExporter        : Bean with name 'statFilter' has been autodetected for JMX exposure
2018-07-03 09:10:19.832  INFO 11688 --- [restartedMain] o.s.j.e.a.AnnotationMBeanExporter        : Located MBean 'firstDataSource': registering with JMX server as MBean [com.alibaba.druid.spring.boot.autoconfigure:name=firstDataSource,type=DruidDataSourceWrapper]
2018-07-03 09:10:19.833  INFO 11688 --- [restartedMain] o.s.j.e.a.AnnotationMBeanExporter        : Located MBean 'secondDataSource': registering with JMX server as MBean [com.alibaba.druid.spring.boot.autoconfigure:name=secondDataSource,type=DruidDataSourceWrapper]
2018-07-03 09:10:19.835  INFO 11688 --- [restartedMain] o.s.j.e.a.AnnotationMBeanExporter        : Located MBean 'statFilter': registering with JMX server as MBean [com.alibaba.druid.filter.stat:name=statFilter,type=StatFilter]
2018-07-03 09:10:19.839  INFO 11688 --- [restartedMain] o.s.c.support.DefaultLifecycleProcessor  : Starting beans in phase 2147483647
2018-07-03 09:10:19.840  INFO 11688 --- [restartedMain] d.s.w.p.DocumentationPluginsBootstrapper : Context refreshed
2018-07-03 09:10:19.859  INFO 11688 --- [restartedMain] d.s.w.p.DocumentationPluginsBootstrapper : Found 1 custom documentation plugin(s)
2018-07-03 09:10:19.900  INFO 11688 --- [restartedMain] s.d.s.w.s.ApiListingReferenceScanner     : Scanning for api listing references
2018-07-03 09:10:20.151  INFO 11688 --- [restartedMain] .d.s.w.r.o.CachingOperationNameGenerator : Generating unique operation named: infoUsingPOST_1
2018-07-03 09:10:20.155  INFO 11688 --- [restartedMain] .d.s.w.r.o.CachingOperationNameGenerator : Generating unique operation named: infoUsingPOST_2
2018-07-03 09:10:20.159  INFO 11688 --- [restartedMain] .d.s.w.r.o.CachingOperationNameGenerator : Generating unique operation named: infoUsingPOST_3
2018-07-03 09:10:20.163  INFO 11688 --- [restartedMain] .d.s.w.r.o.CachingOperationNameGenerator : Generating unique operation named: infoUsingPOST_4
2018-07-03 09:10:20.167  INFO 11688 --- [restartedMain] .d.s.w.r.o.CachingOperationNameGenerator : Generating unique operation named: infoUsingPOST_5
2018-07-03 09:10:20.171  INFO 11688 --- [restartedMain] .d.s.w.r.o.CachingOperationNameGenerator : Generating unique operation named: infoUsingPOST_6
2018-07-03 09:10:20.174  INFO 11688 --- [restartedMain] .d.s.w.r.o.CachingOperationNameGenerator : Generating unique operation named: infoUsingPOST_7
2018-07-03 09:10:20.184  INFO 11688 --- [restartedMain] .d.s.w.r.o.CachingOperationNameGenerator : Generating unique operation named: listUsingPOST_1
2018-07-03 09:10:20.201  INFO 11688 --- [restartedMain] .d.s.w.r.o.CachingOperationNameGenerator : Generating unique operation named: listUsingPOST_2
2018-07-03 09:10:20.202  INFO 11688 --- [restartedMain] .d.s.w.r.o.CachingOperationNameGenerator : Generating unique operation named: listUsingPOST_3
2018-07-03 09:10:20.204  INFO 11688 --- [restartedMain] .d.s.w.r.o.CachingOperationNameGenerator : Generating unique operation named: listUsingPOST_4
2018-07-03 09:10:20.206  INFO 11688 --- [restartedMain] .d.s.w.r.o.CachingOperationNameGenerator : Generating unique operation named: listUsingPOST_5
2018-07-03 09:10:20.208  INFO 11688 --- [restartedMain] .d.s.w.r.o.CachingOperationNameGenerator : Generating unique operation named: listUsingPOST_6
2018-07-03 09:10:20.209  INFO 11688 --- [restartedMain] .d.s.w.r.o.CachingOperationNameGenerator : Generating unique operation named: listUsingPOST_7
2018-07-03 09:10:20.214  INFO 11688 --- [restartedMain] .d.s.w.r.o.CachingOperationNameGenerator : Generating unique operation named: selectUsingPOST_1
2018-07-03 09:10:20.216  INFO 11688 --- [restartedMain] .d.s.w.r.o.CachingOperationNameGenerator : Generating unique operation named: selectUsingPOST_2
2018-07-03 09:10:20.217  INFO 11688 --- [restartedMain] .d.s.w.r.o.CachingOperationNameGenerator : Generating unique operation named: selectUsingPOST_3
2018-07-03 09:10:20.219  INFO 11688 --- [restartedMain] .d.s.w.r.o.CachingOperationNameGenerator : Generating unique operation named: selectUsingPOST_4
2018-07-03 09:10:20.220  INFO 11688 --- [restartedMain] .d.s.w.r.o.CachingOperationNameGenerator : Generating unique operation named: selectUsingPOST_5
2018-07-03 09:10:20.222  INFO 11688 --- [restartedMain] .d.s.w.r.o.CachingOperationNameGenerator : Generating unique operation named: selectUsingPOST_6
2018-07-03 09:10:20.223  INFO 11688 --- [restartedMain] .d.s.w.r.o.CachingOperationNameGenerator : Generating unique operation named: selectUsingPOST_7
2018-07-03 09:10:20.236  INFO 11688 --- [restartedMain] o.s.s.quartz.SchedulerFactoryBean        : Will start Quartz Scheduler [FrameworkScheduler] in 30 seconds
2018-07-03 09:10:20.271  INFO 11688 --- [restartedMain] o.s.b.w.embedded.tomcat.TomcatWebServer  : Tomcat started on port(s): 80 (http) with context path ''
2018-07-03 09:10:20.274  INFO 11688 --- [restartedMain] com.framework.DemoApplication            : Started DemoApplication in 9.696 seconds (JVM running for 10.363)
2018-07-03 09:10:28.125  INFO 11688 --- [http-nio-80-exec-1] o.a.c.c.C.[Tomcat].[localhost].[/]       : Initializing Spring FrameworkServlet 'dispatcherServlet'
2018-07-03 09:10:28.126  INFO 11688 --- [http-nio-80-exec-1] o.s.web.servlet.DispatcherServlet        : FrameworkServlet 'dispatcherServlet': initialization started
2018-07-03 09:10:28.153  INFO 11688 --- [http-nio-80-exec-1] o.s.web.servlet.DispatcherServlet        : FrameworkServlet 'dispatcherServlet': initialization completed in 27 ms
2018-07-03 09:10:28.170  INFO 11688 --- [http-nio-80-exec-1] a.s.s.m.AbstractValidatingSessionManager : Enabling session validation scheduler...
2018-07-03 09:10:50.237  INFO 11688 --- [Quartz Scheduler [FrameworkScheduler]] o.s.s.quartz.SchedulerFactoryBean        : Starting Quartz Scheduler now, after delay of 30 seconds
2018-07-03 09:10:50.254  INFO 11688 --- [Quartz Scheduler [FrameworkScheduler]] o.s.s.quartz.LocalDataSourceJobStore     : ClusterManager: detected 1 failed or restarted instances.
2018-07-03 09:10:50.255  INFO 11688 --- [Quartz Scheduler [FrameworkScheduler]] o.s.s.quartz.LocalDataSourceJobStore     : ClusterManager: Scanning for instance "YLMF-18040812461530580164905"'s failed in-progress jobs.
2018-07-03 09:10:50.265  INFO 11688 --- [Quartz Scheduler [FrameworkScheduler]] org.quartz.core.QuartzScheduler          : Scheduler FrameworkScheduler_$_YLMF-18040812461530580217009 started.
